#
# There is insufficient memory for the Java Runtime Environment to continue.
# Native memory allocation (malloc) failed to allocate 1206480 bytes for Chunk::new
# Possible reasons:
#   The system is out of physical RAM or swap space
#   The process is running with CompressedOops enabled, and the Java Heap may be blocking the growth of the native heap
# Possible solutions:
#   Reduce memory load on the system
#   Increase physical memory or swap space
#   Check if swap backing store is full
#   Decrease Java heap size (-Xmx/-Xms)
#   Decrease number of Java threads
#   Decrease Java thread stack sizes (-Xss)
#   Set larger code cache with -XX:ReservedCodeCacheSize=
#   JVM is running with Unscaled Compressed Oops mode in which the Java heap is
#     placed in the first 4GB address space. The Java Heap base address is the
#     maximum limit for the native heap growth. Please use -XX:HeapBaseMinAddress
#     to set the Java Heap base and to place the Java Heap above 4GB virtual address.
# This output file may be truncated or incomplete.
#
#  Out of Memory Error (allocation.cpp:389), pid=2256, tid=0x0000000000002aa0
#
# JRE version: OpenJDK Runtime Environment (8.0_202-b03) (build 1.8.0_202-release-1483-b03)
# Java VM: OpenJDK 64-Bit Server VM (25.202-b03 mixed mode windows-amd64 compressed oops)
# Failed to write core dump. Minidumps are not enabled by default on client versions of Windows
#

---------------  T H R E A D  ---------------

Current thread (0x0000000018411800):  JavaThread "C2 CompilerThread2" daemon [_thread_in_native, id=10912, stack(0x0000000018ee0000,0x0000000018fe0000)]

Stack: [0x0000000018ee0000,0x0000000018fe0000]
[error occurred during error reporting (printing stack bounds), id 0xc0000005]

Native frames: (J=compiled Java code, j=interpreted, Vv=VM code, C=native code)


Current CompileTask:
C2:7001562 18817       4       com.android.tools.r8.ir.conversion.JarSourceCode::buildInstruction (264 bytes)


---------------  P R O C E S S  ---------------

Java Threads: ( => current thread )
  0x000000001dd8e800 JavaThread "ForkJoinPool.commonPool-worker-7" daemon [_thread_blocked, id=2808, stack(0x000000002ec60000,0x000000002ed60000)]
  0x000000001dd89000 JavaThread "ForkJoinPool.commonPool-worker-0" daemon [_thread_blocked, id=15872, stack(0x000000002ea60000,0x000000002eb60000)]
  0x000000001d495000 JavaThread "Cache worker for Java compile cache (G:\Hackathon\heyHelper\HeyHelper_Hackthon\HeyHelper\.gradle\5.1.1\javaCompile)" [_thread_blocked, id=15344, stack(0x000000002e760000,0x000000002e860000)]
  0x000000001d489800 JavaThread "Cache worker for Java compile cache (C:\Users\Hp\.gradle\caches\5.1.1\javaCompile)" [_thread_blocked, id=1288, stack(0x000000002e660000,0x000000002e760000)]
  0x000000001d493800 JavaThread "stdout" daemon [_thread_in_native, id=5232, stack(0x000000002e560000,0x000000002e660000)]
  0x000000001d492800 JavaThread "stderr" daemon [_thread_in_native, id=4496, stack(0x000000002e460000,0x000000002e560000)]
  0x000000001d48b000 JavaThread "stdout" daemon [_thread_in_native, id=15588, stack(0x000000002e360000,0x000000002e460000)]
  0x000000001d492000 JavaThread "stderr" daemon [_thread_in_native, id=8816, stack(0x000000002e260000,0x000000002e360000)]
  0x000000001d491000 JavaThread "stdout" daemon [_thread_in_native, id=1268, stack(0x000000002e160000,0x000000002e260000)]
  0x000000001d48f000 JavaThread "stderr" daemon [_thread_in_native, id=6416, stack(0x000000002e060000,0x000000002e160000)]
  0x000000001d48e000 JavaThread "stdout" daemon [_thread_in_native, id=16836, stack(0x000000002df60000,0x000000002e060000)]
  0x000000001d48f800 JavaThread "stderr" daemon [_thread_in_native, id=15788, stack(0x000000002de60000,0x000000002df60000)]
  0x000000001d490800 JavaThread "stdout" daemon [_thread_in_native, id=14836, stack(0x000000002dd60000,0x000000002de60000)]
  0x000000001d48d800 JavaThread "stderr" daemon [_thread_in_native, id=1400, stack(0x000000002dc60000,0x000000002dd60000)]
  0x000000001d486800 JavaThread "stdout" daemon [_thread_in_native, id=12488, stack(0x000000002db60000,0x000000002dc60000)]
  0x000000001d486000 JavaThread "stderr" daemon [_thread_in_native, id=15336, stack(0x000000002da60000,0x000000002db60000)]
  0x000000001d48a800 JavaThread "stdout" daemon [_thread_in_native, id=8200, stack(0x000000002d960000,0x000000002da60000)]
  0x000000001d487800 JavaThread "stderr" daemon [_thread_in_native, id=10272, stack(0x000000002d860000,0x000000002d960000)]
  0x000000001d489000 JavaThread "pool-8-thread-1" [_thread_blocked, id=14844, stack(0x000000002d760000,0x000000002d860000)]
  0x000000001d48c000 JavaThread "MarlinRenderer Disposer" daemon [_thread_blocked, id=14512, stack(0x000000002d560000,0x000000002d660000)]
  0x000000001d488000 JavaThread "Java2D Disposer" daemon [_thread_blocked, id=14784, stack(0x000000002d460000,0x000000002d560000)]
  0x000000001a91a800 JavaThread "ForkJoinPool.commonPool-worker-5" daemon [_thread_blocked, id=2896, stack(0x000000002d260000,0x000000002d360000)]
  0x000000001dd87800 JavaThread "ForkJoinPool.commonPool-worker-4" daemon [_thread_blocked, id=14624, stack(0x000000002d160000,0x000000002d260000)]
  0x000000001dd8d800 JavaThread "ForkJoinPool.commonPool-worker-2" daemon [_thread_blocked, id=16844, stack(0x000000002cf60000,0x000000002d060000)]
  0x000000001dd87000 JavaThread "ForkJoinPool.commonPool-worker-1" daemon [_thread_blocked, id=15324, stack(0x000000002ce60000,0x000000002cf60000)]
  0x000000001dd8b800 JavaThread "Cache worker for execution history cache (G:\Hackathon\heyHelper\HeyHelper_Hackthon\HeyHelper\.gradle\5.1.1\executionHistory)" [_thread_blocked, id=16388, stack(0x000000002cd60000,0x000000002ce60000)]
  0x000000001dd8a000 JavaThread "Execution worker for ':' Thread 7" [_thread_blocked, id=8036, stack(0x000000002cc60000,0x000000002cd60000)]
  0x000000001dd7f800 JavaThread "Execution worker for ':' Thread 6" [_thread_blocked, id=16972, stack(0x000000002cb60000,0x000000002cc60000)]
  0x000000001dd85800 JavaThread "Execution worker for ':' Thread 5" [_thread_blocked, id=5324, stack(0x000000002ca60000,0x000000002cb60000)]
  0x000000001dd86000 JavaThread "Execution worker for ':' Thread 4" [_thread_blocked, id=13428, stack(0x000000002c960000,0x000000002ca60000)]
  0x000000001dd84000 JavaThread "Execution worker for ':' Thread 3" [_thread_blocked, id=9680, stack(0x000000002c860000,0x000000002c960000)]
  0x000000001dd81800 JavaThread "Execution worker for ':' Thread 2" [_thread_blocked, id=15232, stack(0x000000002c760000,0x000000002c860000)]
  0x000000001dd80000 JavaThread "Execution worker for ':'" [_thread_in_Java, id=3496, stack(0x000000002c660000,0x000000002c760000)]
  0x000000001dd82800 JavaThread "Cache worker for file content cache (G:\Hackathon\heyHelper\HeyHelper_Hackthon\HeyHelper\.gradle\5.1.1\fileContent)" [_thread_blocked, id=14284, stack(0x000000002c560000,0x000000002c660000)]
  0x000000001dd83000 JavaThread "Cache worker for file content cache (C:\Users\Hp\.gradle\caches\5.1.1\fileContent)" [_thread_blocked, id=4088, stack(0x000000002c460000,0x000000002c560000)]
  0x000000002571c000 JavaThread "Cache worker for Build Output Cleanup Cache (G:\Hackathon\heyHelper\HeyHelper_Hackthon\HeyHelper\.gradle\buildOutputCleanup)" [_thread_blocked, id=12340, stack(0x000000002c360000,0x000000002c460000)]
  0x000000002571b800 JavaThread "Build operations Thread 8" [_thread_blocked, id=13884, stack(0x000000002c260000,0x000000002c360000)]
  0x000000002571a800 JavaThread "Build operations Thread 7" [_thread_blocked, id=12244, stack(0x000000002c160000,0x000000002c260000)]
  0x0000000025718800 JavaThread "Build operations Thread 6" [_thread_blocked, id=15392, stack(0x000000002c060000,0x000000002c160000)]
  0x0000000025717800 JavaThread "Build operations Thread 5" [_thread_blocked, id=2620, stack(0x000000002bf60000,0x000000002c060000)]
  0x0000000025717000 JavaThread "Build operations Thread 4" [_thread_blocked, id=12060, stack(0x000000002be60000,0x000000002bf60000)]
  0x000000002571d000 JavaThread "Build operations Thread 3" [_thread_blocked, id=4384, stack(0x000000002bd60000,0x000000002be60000)]
  0x000000002571a000 JavaThread "Build operations Thread 2" [_thread_blocked, id=5436, stack(0x000000002bc60000,0x000000002bd60000)]
  0x0000000025719000 JavaThread "Build operations" [_thread_blocked, id=5720, stack(0x000000002bb60000,0x000000002bc60000)]
  0x000000002570f800 JavaThread "Cache worker for cache directory md-rule (C:\Users\Hp\.gradle\caches\5.1.1\md-rule)" [_thread_blocked, id=14584, stack(0x000000002ba60000,0x000000002bb60000)]
  0x000000002570e800 JavaThread "Cache worker for cache directory md-supplier (C:\Users\Hp\.gradle\caches\5.1.1\md-supplier)" [_thread_blocked, id=10340, stack(0x000000002b960000,0x000000002ba60000)]
  0x0000000025713000 JavaThread "Cache worker for file hash cache (G:\Hackathon\heyHelper\HeyHelper_Hackthon\HeyHelper\.gradle\5.1.1\fileHashes)" [_thread_blocked, id=9736, stack(0x000000002b860000,0x000000002b960000)]
  0x0000000025715800 JavaThread "Thread-83" [_thread_blocked, id=16116, stack(0x000000002b760000,0x000000002b860000)]
  0x000000002570e000 JavaThread "Stdin handler" [_thread_blocked, id=14764, stack(0x000000002b660000,0x000000002b760000)]
  0x0000000025714800 JavaThread "Asynchronous log dispatcher for DefaultDaemonConnection: socket connection from /127.0.0.1:61932 to /127.0.0.1:63703" [_thread_blocked, id=15068, stack(0x000000002b560000,0x000000002b660000)]
  0x0000000025711000 JavaThread "Daemon worker Thread 4" [_thread_blocked, id=15572, stack(0x000000002b460000,0x000000002b560000)]
  0x0000000025711800 JavaThread "Cancel handler" [_thread_blocked, id=8572, stack(0x000000002b360000,0x000000002b460000)]
  0x0000000025714000 JavaThread "Handler for socket connection from /127.0.0.1:61932 to /127.0.0.1:63703" [_thread_in_native, id=8048, stack(0x000000002b260000,0x000000002b360000)]
  0x0000000025712800 JavaThread "Daemon Thread 4" [_thread_blocked, id=10996, stack(0x000000002b160000,0x000000002b260000)]
  0x000000001dd8a800 JavaThread "Memory manager" [_thread_blocked, id=12880, stack(0x00000000234e0000,0x00000000235e0000)]
  0x000000001a916800 JavaThread "Cache worker for execution history cache (C:\Users\Hp\.gradle\caches\5.1.1\executionHistory)" [_thread_blocked, id=7016, stack(0x0000000020300000,0x0000000020400000)]
  0x000000001a919800 JavaThread "Cache worker for journal cache (C:\Users\Hp\.gradle\caches\journal-1)" [_thread_blocked, id=12088, stack(0x000000001bf30000,0x000000001c030000)]
  0x000000001a919000 JavaThread "File lock request listener" [_thread_in_native, id=15912, stack(0x000000001be30000,0x000000001bf30000)]
  0x000000001a842800 JavaThread "Cache worker for file hash cache (C:\Users\Hp\.gradle\caches\5.1.1\fileHashes)" [_thread_blocked, id=4508, stack(0x000000001bd30000,0x000000001be30000)]
  0x00000000194f0800 JavaThread "Daemon periodic checks" [_thread_blocked, id=9704, stack(0x000000001b230000,0x000000001b330000)]
  0x000000001945b000 JavaThread "Incoming local TCP Connector on port 61932" [_thread_in_native, id=11460, stack(0x000000001aff0000,0x000000001b0f0000)]
  0x00000000184a0800 JavaThread "Service Thread" daemon [_thread_blocked, id=3948, stack(0x00000000190e0000,0x00000000191e0000)]
  0x000000001841b000 JavaThread "C1 CompilerThread3" daemon [_thread_blocked, id=15564, stack(0x0000000018fe0000,0x00000000190e0000)]
=>0x0000000018411800 JavaThread "C2 CompilerThread2" daemon [_thread_in_native, id=10912, stack(0x0000000018ee0000,0x0000000018fe0000)]
  0x000000001840d800 JavaThread "C2 CompilerThread1" daemon [_thread_in_native, id=11756, stack(0x0000000018de0000,0x0000000018ee0000)]
  0x0000000018409800 JavaThread "C2 CompilerThread0" daemon [_thread_in_native, id=8688, stack(0x0000000018ce0000,0x0000000018de0000)]
  0x0000000018408800 JavaThread "Attach Listener" daemon [_thread_blocked, id=10916, stack(0x0000000018be0000,0x0000000018ce0000)]
  0x0000000018416800 JavaThread "Signal Dispatcher" daemon [_thread_blocked, id=5136, stack(0x0000000018ae0000,0x0000000018be0000)]
  0x000000000282c800 JavaThread "Finalizer" daemon [_thread_blocked, id=16892, stack(0x00000000188e0000,0x00000000189e0000)]
  0x0000000018400800 JavaThread "Reference Handler" daemon [_thread_blocked, id=6564, stack(0x00000000187e0000,0x00000000188e0000)]
  0x00000000025ce000 JavaThread "main" [_thread_blocked, id=9792, stack(0x0000000002630000,0x0000000002730000)]

Other Threads:
  0x0000000016608800 VMThread [stack: 0x00000000182e0000,0x00000000183e0000] [id=8228]
  0x00000000184a1800 WatcherThread [stack: 0x00000000191e0000,0x00000000192e0000] [id=16740]

VM state:not at safepoint (normal execution)

VM Mutex/Monitor currently owned by a thread: None

heap address: 0x00000000a0000000, size: 1536 MB, Compressed Oops mode: 32-bit
Narrow klass base: 0x0000000000000000, Narrow klass shift: 3
Compressed class space size: 1073741824 Address: 0x0000000100000000

Heap:
 PSYoungGen      total 330752K, used 168997K [0x00000000e0000000, 0x00000000faf00000, 0x0000000100000000)
  eden space 299520K, 56% used [0x00000000e0000000,0x00000000ea509780,0x00000000f2480000)
  from space 31232K, 0% used [0x00000000f8100000,0x00000000f8100000,0x00000000f9f80000)
  to   space 15872K, 0% used [0x00000000f9f80000,0x00000000f9f80000,0x00000000faf00000)
 ParOldGen       total 182784K, used 64101K [0x00000000a0000000, 0x00000000ab280000, 0x00000000e0000000)
  object space 182784K, 35% used [0x00000000a0000000,0x00000000a3e99700,0x00000000ab280000)
 Metaspace       used 97014K, capacity 99864K, committed 101952K, reserved 1138688K
  class space    used 12035K, capacity 12643K, committed 13120K, reserved 1048576K

Card table byte_map: [0x0000000011bf0000,0x0000000011f00000] byte_map_base: 0x00000000116f0000

Marking Bits: (ParMarkBitMap*) 0x000000005a6c9f30
 Begin Bits: [0x0000000012900000, 0x0000000014100000)
 End Bits:   [0x0000000014100000, 0x0000000015900000)

Polling page: 0x00000000025a0000

CodeCache: size=245760Kb used=56027Kb max_used=56027Kb free=189733Kb
 bounds [0x0000000002830000, 0x0000000005f30000, 0x0000000011830000]
 total_blobs=17360 nmethods=16335 adapters=935
 compilation: enabled

Compilation events (10 events):
Event: 6998.298 Thread 0x000000001841b000 19581       2       com.android.tools.r8.graph.DexEncodedMethod::setCode (25 bytes)
Event: 6998.299 Thread 0x000000001841b000 nmethod 19581 0x0000000005f22150 code [0x0000000005f222c0, 0x0000000005f22538]
Event: 6998.299 Thread 0x000000001841b000 19582       2       com.android.tools.r8.ir.conversion.DexBuilder::<init> (47 bytes)
Event: 6998.299 Thread 0x000000001841b000 nmethod 19582 0x0000000005f226d0 code [0x0000000005f22840, 0x0000000005f229c8]
Event: 6998.299 Thread 0x000000001841b000 19583       2       com.android.tools.r8.graph.DexEncodedMethod::setCode (18 bytes)
Event: 6998.299 Thread 0x000000001841b000 nmethod 19583 0x0000000005f22a90 code [0x0000000005f22be0, 0x0000000005f22db0]
Event: 6998.299 Thread 0x000000001841b000 19585       2       com.android.tools.r8.ir.conversion.IRConverter::markProcessed (58 bytes)
Event: 6998.299 Thread 0x000000001841b000 nmethod 19585 0x0000000005f22ed0 code [0x0000000005f23060, 0x0000000005f232c8]
Event: 6998.299 Thread 0x000000001841b000 19584       2       com.android.tools.r8.graph.DexEncodedMethod::voidCodeOwnership (16 bytes)
Event: 6998.299 Thread 0x000000001841b000 nmethod 19584 0x0000000005f23410 code [0x0000000005f23560, 0x0000000005f236d0]

GC Heap History (10 events):
Event: 1077.785 GC heap before
{Heap before GC invocations=13 (full 3):
 PSYoungGen      total 375808K, used 375780K [0x00000000e0000000, 0x00000000fe600000, 0x0000000100000000)
  eden space 352768K, 100% used [0x00000000e0000000,0x00000000f5880000,0x00000000f5880000)
  from space 23040K, 99% used [0x00000000f5880000,0x00000000f6ef91b0,0x00000000f6f00000)
  to   space 29184K, 0% used [0x00000000fc980000,0x00000000fc980000,0x00000000fe600000)
 ParOldGen       total 117248K, used 39291K [0x00000000a0000000, 0x00000000a7280000, 0x00000000e0000000)
  object space 117248K, 33% used [0x00000000a0000000,0x00000000a265ee38,0x00000000a7280000)
 Metaspace       used 78349K, capacity 81882K, committed 82048K, reserved 1120256K
  class space    used 10170K, capacity 10871K, committed 10880K, reserved 1048576K
Event: 1077.815 GC heap after
Heap after GC invocations=13 (full 3):
 PSYoungGen      total 367616K, used 29175K [0x00000000e0000000, 0x00000000fe600000, 0x0000000100000000)
  eden space 338432K, 0% used [0x00000000e0000000,0x00000000e0000000,0x00000000f4a80000)
  from space 29184K, 99% used [0x00000000fc980000,0x00000000fe5fdfd0,0x00000000fe600000)
  to   space 33792K, 0% used [0x00000000fa400000,0x00000000fa400000,0x00000000fc500000)
 ParOldGen       total 117248K, used 40783K [0x00000000a0000000, 0x00000000a7280000, 0x00000000e0000000)
  object space 117248K, 34% used [0x00000000a0000000,0x00000000a27d3cf8,0x00000000a7280000)
 Metaspace       used 78349K, capacity 81882K, committed 82048K, reserved 1120256K
  class space    used 10170K, capacity 10871K, committed 10880K, reserved 1048576K
}
Event: 6964.010 GC heap before
{Heap before GC invocations=14 (full 3):
 PSYoungGen      total 367616K, used 367607K [0x00000000e0000000, 0x00000000fe600000, 0x0000000100000000)
  eden space 338432K, 100% used [0x00000000e0000000,0x00000000f4a80000,0x00000000f4a80000)
  from space 29184K, 99% used [0x00000000fc980000,0x00000000fe5fdfd0,0x00000000fe600000)
  to   space 33792K, 0% used [0x00000000fa400000,0x00000000fa400000,0x00000000fc500000)
 ParOldGen       total 117248K, used 40783K [0x00000000a0000000, 0x00000000a7280000, 0x00000000e0000000)
  object space 117248K, 34% used [0x00000000a0000000,0x00000000a27d3cf8,0x00000000a7280000)
 Metaspace       used 79628K, capacity 83368K, committed 83584K, reserved 1122304K
  class space    used 10254K, capacity 11030K, committed 11136K, reserved 1048576K
Event: 6964.050 GC heap after
Heap after GC invocations=14 (full 3):
 PSYoungGen      total 335360K, used 10508K [0x00000000e0000000, 0x00000000fca00000, 0x0000000100000000)
  eden space 324608K, 0% used [0x00000000e0000000,0x00000000e0000000,0x00000000f3d00000)
  from space 10752K, 97% used [0x00000000fa400000,0x00000000fae43048,0x00000000fae80000)
  to   space 28160K, 0% used [0x00000000fae80000,0x00000000fae80000,0x00000000fca00000)
 ParOldGen       total 117248K, used 59079K [0x00000000a0000000, 0x00000000a7280000, 0x00000000e0000000)
  object space 117248K, 50% used [0x00000000a0000000,0x00000000a39b1f18,0x00000000a7280000)
 Metaspace       used 79628K, capacity 83368K, committed 83584K, reserved 1122304K
  class space    used 10254K, capacity 11030K, committed 11136K, reserved 1048576K
}
Event: 6984.157 GC heap before
{Heap before GC invocations=15 (full 3):
 PSYoungGen      total 335360K, used 335116K [0x00000000e0000000, 0x00000000fca00000, 0x0000000100000000)
  eden space 324608K, 100% used [0x00000000e0000000,0x00000000f3d00000,0x00000000f3d00000)
  from space 10752K, 97% used [0x00000000fa400000,0x00000000fae43048,0x00000000fae80000)
  to   space 28160K, 0% used [0x00000000fae80000,0x00000000fae80000,0x00000000fca00000)
 ParOldGen       total 117248K, used 59079K [0x00000000a0000000, 0x00000000a7280000, 0x00000000e0000000)
  object space 117248K, 50% used [0x00000000a0000000,0x00000000a39b1f18,0x00000000a7280000)
 Metaspace       used 84100K, capacity 87802K, committed 88064K, reserved 1126400K
  class space    used 10692K, capacity 11435K, committed 11520K, reserved 1048576K
Event: 6984.170 GC heap after
Heap after GC invocations=15 (full 3):
 PSYoungGen      total 327680K, used 15858K [0x00000000e0000000, 0x00000000fbe00000, 0x0000000100000000)
  eden space 311808K, 0% used [0x00000000e0000000,0x00000000e0000000,0x00000000f3080000)
  from space 15872K, 99% used [0x00000000fae80000,0x00000000fbdfcb38,0x00000000fbe00000)
  to   space 31232K, 0% used [0x00000000f8100000,0x00000000f8100000,0x00000000f9f80000)
 ParOldGen       total 117248K, used 59087K [0x00000000a0000000, 0x00000000a7280000, 0x00000000e0000000)
  object space 117248K, 50% used [0x00000000a0000000,0x00000000a39b3f18,0x00000000a7280000)
 Metaspace       used 84100K, capacity 87802K, committed 88064K, reserved 1126400K
  class space    used 10692K, capacity 11435K, committed 11520K, reserved 1048576K
}
Event: 6996.604 GC heap before
{Heap before GC invocations=16 (full 3):
 PSYoungGen      total 327680K, used 301241K [0x00000000e0000000, 0x00000000fbe00000, 0x0000000100000000)
  eden space 311808K, 91% used [0x00000000e0000000,0x00000000f16b19d8,0x00000000f3080000)
  from space 15872K, 99% used [0x00000000fae80000,0x00000000fbdfcb38,0x00000000fbe00000)
  to   space 31232K, 0% used [0x00000000f8100000,0x00000000f8100000,0x00000000f9f80000)
 ParOldGen       total 117248K, used 59087K [0x00000000a0000000, 0x00000000a7280000, 0x00000000e0000000)
  object space 117248K, 50% used [0x00000000a0000000,0x00000000a39b3f18,0x00000000a7280000)
 Metaspace       used 94507K, capacity 98370K, committed 98496K, reserved 1134592K
  class space    used 11898K, capacity 12697K, committed 12736K, reserved 1048576K
Event: 6996.634 GC heap after
Heap after GC invocations=16 (full 3):
 PSYoungGen      total 330752K, used 31207K [0x00000000e0000000, 0x00000000faf00000, 0x0000000100000000)
  eden space 299520K, 0% used [0x00000000e0000000,0x00000000e0000000,0x00000000f2480000)
  from space 31232K, 99% used [0x00000000f8100000,0x00000000f9f79d30,0x00000000f9f80000)
  to   space 15872K, 0% used [0x00000000f9f80000,0x00000000f9f80000,0x00000000faf00000)
 ParOldGen       total 117248K, used 62058K [0x00000000a0000000, 0x00000000a7280000, 0x00000000e0000000)
  object space 117248K, 52% used [0x00000000a0000000,0x00000000a3c9a898,0x00000000a7280000)
 Metaspace       used 94507K, capacity 98370K, committed 98496K, reserved 1134592K
  class space    used 11898K, capacity 12697K, committed 12736K, reserved 1048576K
}
Event: 6996.634 GC heap before
{Heap before GC invocations=17 (full 4):
 PSYoungGen      total 330752K, used 31207K [0x00000000e0000000, 0x00000000faf00000, 0x0000000100000000)
  eden space 299520K, 0% used [0x00000000e0000000,0x00000000e0000000,0x00000000f2480000)
  from space 31232K, 99% used [0x00000000f8100000,0x00000000f9f79d30,0x00000000f9f80000)
  to   space 15872K, 0% used [0x00000000f9f80000,0x00000000f9f80000,0x00000000faf00000)
 ParOldGen       total 117248K, used 62058K [0x00000000a0000000, 0x00000000a7280000, 0x00000000e0000000)
  object space 117248K, 52% used [0x00000000a0000000,0x00000000a3c9a898,0x00000000a7280000)
 Metaspace       used 94507K, capacity 98370K, committed 98496K, reserved 1134592K
  class space    used 11898K, capacity 12697K, committed 12736K, reserved 1048576K
Event: 6996.868 GC heap after
Heap after GC invocations=17 (full 4):
 PSYoungGen      total 330752K, used 0K [0x00000000e0000000, 0x00000000faf00000, 0x0000000100000000)
  eden space 299520K, 0% used [0x00000000e0000000,0x00000000e0000000,0x00000000f2480000)
  from space 31232K, 0% used [0x00000000f8100000,0x00000000f8100000,0x00000000f9f80000)
  to   space 15872K, 0% used [0x00000000f9f80000,0x00000000f9f80000,0x00000000faf00000)
 ParOldGen       total 182784K, used 64101K [0x00000000a0000000, 0x00000000ab280000, 0x00000000e0000000)
  object space 182784K, 35% used [0x00000000a0000000,0x00000000a3e99700,0x00000000ab280000)
 Metaspace       used 93070K, capacity 95606K, committed 98496K, reserved 1134592K
  class space    used 11611K, capacity 12176K, committed 12736K, reserved 1048576K
}

Deoptimization events (10 events):
Event: 6997.774 Thread 0x000000001dd80000 Uncommon trap: reason=bimorphic action=maybe_recompile pc=0x0000000005ba1eb8 method=com.android.tools.r8.ir.code.ValueType.fromTypeLattice(Lcom/android/tools/r8/ir/analysis/type/TypeLatticeElement;)Lcom/android/tools/r8/ir/code/ValueType; @ 23
Event: 6997.871 Thread 0x000000001dd80000 Uncommon trap: reason=unstable_if action=reinterpret pc=0x0000000005c79510 method=com.android.tools.r8.ir.conversion.JarState.recordStateForTarget(I[Lcom/android/tools/r8/ir/conversion/JarState$Local;Lcom/android/tools/r8/com/google/common/collect/Immutab
Event: 6997.884 Thread 0x000000001dd80000 Uncommon trap: reason=unstable_if action=reinterpret pc=0x0000000005bcedfc method=com.android.tools.r8.ir.regalloc.LinearScanRegisterAllocator.realRegisterNumberFromAllocated(I)I @ 10
Event: 6997.885 Thread 0x000000001dd80000 Uncommon trap: reason=unstable_if action=reinterpret pc=0x0000000004f9e1fc method=com.android.tools.r8.ir.regalloc.LiveIntervals.hasSplits()Z @ 9
Event: 6997.885 Thread 0x000000001dd80000 Uncommon trap: reason=unstable_if action=reinterpret pc=0x000000000565af50 method=com.android.tools.r8.ir.regalloc.LiveIntervals.hasSplits()Z @ 9
Event: 6997.886 Thread 0x000000001dd80000 Uncommon trap: reason=unstable_if action=reinterpret pc=0x00000000055f78f8 method=com.android.tools.r8.ir.regalloc.LiveIntervals.hasSplits()Z @ 9
Event: 6998.018 Thread 0x000000001dd80000 Uncommon trap: reason=unstable_if action=reinterpret pc=0x0000000005c382a0 method=com.android.tools.r8.ir.conversion.JarSourceCode.updateState(Lcom/android/tools/r8/org/objectweb/asm/tree/VarInsnNode;)V @ 266
Event: 6998.026 Thread 0x000000001dd80000 Uncommon trap: reason=unstable_if action=reinterpret pc=0x0000000005bb0aec method=com.android.tools.r8.it.unimi.dsi.fastutil.ints.Int2ReferenceOpenHashMap.insert(ILjava/lang/Object;)I @ 85
Event: 6998.075 Thread 0x000000001dd80000 Uncommon trap: reason=bimorphic action=maybe_recompile pc=0x0000000003bbcb04 method=java.util.LinkedHashMap.afterNodeInsertion(Z)V @ 15
Event: 6998.099 Thread 0x000000001dd80000 Uncommon trap: reason=unstable_if action=reinterpret pc=0x00000000031b72ac method=java.util.Collections$SetFromMap.add(Ljava/lang/Object;)Z @ 13

Classes redefined (0 events):
No events

Internal exceptions (10 events):
Event: 6979.601 Thread 0x000000001dd80000 Exception <a 'sun/nio/fs/WindowsException'> (0x00000000eff198e0) thrown at [D:\src\AOSP-openjdk-cygwin\jdk8u\hotspot\src\share\vm\prims\jni.cpp, line 710]
Event: 6979.610 Thread 0x000000001dd80000 Exception <a 'sun/nio/fs/WindowsException'> (0x00000000effa9b20) thrown at [D:\src\AOSP-openjdk-cygwin\jdk8u\hotspot\src\share\vm\prims\jni.cpp, line 710]
Event: 6979.617 Thread 0x000000001dd80000 Exception <a 'sun/nio/fs/WindowsException'> (0x00000000effda888) thrown at [D:\src\AOSP-openjdk-cygwin\jdk8u\hotspot\src\share\vm\prims\jni.cpp, line 710]
Event: 6979.626 Thread 0x000000001dd80000 Exception <a 'sun/nio/fs/WindowsException'> (0x00000000f000f5e8) thrown at [D:\src\AOSP-openjdk-cygwin\jdk8u\hotspot\src\share\vm\prims\jni.cpp, line 710]
Event: 6979.735 Thread 0x000000001dd80000 Exception <a 'sun/nio/fs/WindowsException'> (0x00000000f045a1a0) thrown at [D:\src\AOSP-openjdk-cygwin\jdk8u\hotspot\src\share\vm\prims\jni.cpp, line 710]
Event: 6984.705 Thread 0x000000001dd80000 Implicit null exception at 0x0000000002e6cc40 to 0x0000000002e6d0b5
Event: 6994.411 Thread 0x0000000025715800 Exception <a 'java/lang/NoSuchMethodError': <clinit>> (0x00000000edc83bd0) thrown at [D:\src\AOSP-openjdk-cygwin\jdk8u\hotspot\src\share\vm\prims\jni.cpp, line 1614]
Event: 6995.126 Thread 0x000000001dd87000 Exception <a 'java/lang/NoSuchMethodError': java.lang.Object.lambda$static$0(Ljava/lang/String;)Z> (0x00000000ee799430) thrown at [D:\src\AOSP-openjdk-cygwin\jdk8u\hotspot\src\share\vm\interpreter\linkResolver.cpp, line 620]
Event: 6995.353 Thread 0x000000001dd80000 Exception <a 'java/lang/NoSuchMethodError': java.lang.Object.lambda$and$0(Ljava/util/function/Predicate;Ljava/lang/Object;)Z> (0x00000000eecf55b8) thrown at [D:\src\AOSP-openjdk-cygwin\jdk8u\hotspot\src\share\vm\interpreter\linkResolver.cpp, line 620]
Event: 6995.508 Thread 0x000000001dd80000 Exception <a 'sun/nio/fs/WindowsException'> (0x00000000ef816658) thrown at [D:\src\AOSP-openjdk-cygwin\jdk8u\hotspot\src\share\vm\prims\jni.cpp, line 710]

Events (10 events):
Event: 6998.079 loading class com/android/tools/r8/ir/code/IRCode done
Event: 6998.079 loading class com/android/tools/r8/it/unimi/dsi/fastutil/objects/Object2ObjectMap$Entry
Event: 6998.079 loading class com/android/tools/r8/it/unimi/dsi/fastutil/objects/Object2ObjectMap$Entry done
Event: 6998.079 loading class com/android/tools/r8/ir/code/IRCode
Event: 6998.079 loading class com/android/tools/r8/ir/code/IRCode done
Event: 6998.099 Thread 0x000000001dd80000 Uncommon trap: trap_request=0xffffff65 fr.pc=0x00000000031b72ac
Event: 6998.099 Thread 0x000000001dd80000 DEOPT PACKING pc=0x00000000031b72ac sp=0x000000002c7598d0
Event: 6998.099 Thread 0x000000001dd80000 DEOPT UNPACKING pc=0x000000000287557b sp=0x000000002c759868 mode 2
Event: 6998.241 Executing VM operation: ForceSafepoint
Event: 6998.241 Executing VM operation: ForceSafepoint done


Dynamic libraries:
0x00007ff776920000 - 0x00007ff776951000 	C:\Program Files\Android\Android Studio\jre\bin\java.exe
0x00007ff86f470000 - 0x00007ff86f651000 	C:\WINDOWS\SYSTEM32\ntdll.dll
0x00007ff867320000 - 0x00007ff867332000 	C:\Program Files\AVAST Software\Avast\aswhook.dll
0x00007ff86ea00000 - 0x00007ff86eab1000 	C:\WINDOWS\System32\KERNEL32.DLL
0x00007ff86c390000 - 0x00007ff86c603000 	C:\WINDOWS\System32\KERNELBASE.dll
0x00007ff86ef40000 - 0x00007ff86efe1000 	C:\WINDOWS\System32\ADVAPI32.dll
0x00007ff86e460000 - 0x00007ff86e4fe000 	C:\WINDOWS\System32\msvcrt.dll
0x00007ff86ee30000 - 0x00007ff86ee8b000 	C:\WINDOWS\System32\sechost.dll
0x00007ff86e570000 - 0x00007ff86e694000 	C:\WINDOWS\System32\RPCRT4.dll
0x00007ff86eca0000 - 0x00007ff86ee30000 	C:\WINDOWS\System32\USER32.dll
0x00007ff86c370000 - 0x00007ff86c390000 	C:\WINDOWS\System32\win32u.dll
0x00007ff86de00000 - 0x00007ff86de28000 	C:\WINDOWS\System32\GDI32.dll
0x00007ff86c760000 - 0x00007ff86c8f1000 	C:\WINDOWS\System32\gdi32full.dll
0x00007ff86c610000 - 0x00007ff86c6af000 	C:\WINDOWS\System32\msvcp_win.dll
0x00007ff86bfb0000 - 0x00007ff86c0a8000 	C:\WINDOWS\System32\ucrtbase.dll
0x00007ff85aab0000 - 0x00007ff85ad19000 	C:\WINDOWS\WinSxS\amd64_microsoft.windows.common-controls_6595b64144ccf1df_6.0.17134.950_none_fb3da4273069d3e0\COMCTL32.dll
0x00007ff86e6d0000 - 0x00007ff86e9f2000 	C:\WINDOWS\System32\combase.dll
0x00007ff86c100000 - 0x00007ff86c179000 	C:\WINDOWS\System32\bcryptPrimitives.dll
0x00007ff86e350000 - 0x00007ff86e37d000 	C:\WINDOWS\System32\IMM32.DLL
0x000000005ad00000 - 0x000000005add2000 	C:\Program Files\Android\Android Studio\jre\jre\bin\msvcr100.dll
0x0000000059f00000 - 0x000000005a746000 	C:\Program Files\Android\Android Studio\jre\jre\bin\server\jvm.dll
0x00007ff86e6c0000 - 0x00007ff86e6c8000 	C:\WINDOWS\System32\PSAPI.DLL
0x00007ff859530000 - 0x00007ff859539000 	C:\WINDOWS\SYSTEM32\WSOCK32.dll
0x00007ff86e500000 - 0x00007ff86e56c000 	C:\WINDOWS\System32\WS2_32.dll
0x00007ff869040000 - 0x00007ff869063000 	C:\WINDOWS\SYSTEM32\WINMM.dll
0x00007ff867460000 - 0x00007ff86746a000 	C:\WINDOWS\SYSTEM32\VERSION.dll
0x00007ff869070000 - 0x00007ff86909a000 	C:\WINDOWS\SYSTEM32\WINMMBASE.dll
0x00007ff86c0b0000 - 0x00007ff86c0f9000 	C:\WINDOWS\System32\cfgmgr32.dll
0x00007ff867980000 - 0x00007ff86798f000 	C:\Program Files\Android\Android Studio\jre\jre\bin\verify.dll
0x00007ff859df0000 - 0x00007ff859e19000 	C:\Program Files\Android\Android Studio\jre\jre\bin\java.dll
0x00007ff867940000 - 0x00007ff867956000 	C:\Program Files\Android\Android Studio\jre\jre\bin\zip.dll
0x00007ff86c9c0000 - 0x00007ff86de00000 	C:\WINDOWS\System32\SHELL32.dll
0x00007ff86ee90000 - 0x00007ff86ef39000 	C:\WINDOWS\System32\shcore.dll
0x00007ff86b840000 - 0x00007ff86bf4d000 	C:\WINDOWS\System32\windows.storage.dll
0x00007ff86c900000 - 0x00007ff86c951000 	C:\WINDOWS\System32\shlwapi.dll
0x00007ff86b800000 - 0x00007ff86b811000 	C:\WINDOWS\System32\kernel.appcore.dll
0x00007ff86b7e0000 - 0x00007ff86b7ff000 	C:\WINDOWS\System32\profapi.dll
0x00007ff86b790000 - 0x00007ff86b7dc000 	C:\WINDOWS\System32\powrprof.dll
0x00007ff86b780000 - 0x00007ff86b78a000 	C:\WINDOWS\System32\FLTLIB.DLL
0x00007ff8678d0000 - 0x00007ff8678ea000 	C:\Program Files\Android\Android Studio\jre\jre\bin\net.dll
0x00007ff86b000000 - 0x00007ff86b066000 	C:\WINDOWS\system32\mswsock.dll
0x00007ff859e60000 - 0x00007ff859e71000 	C:\Program Files\Android\Android Studio\jre\jre\bin\nio.dll
0x00007ff85fda0000 - 0x00007ff85fdbe000 	C:\Users\Hp\.gradle\native\25\windows-amd64\native-platform.dll
0x00007ff865ae0000 - 0x00007ff865aed000 	C:\Program Files\Android\Android Studio\jre\jre\bin\management.dll
0x00007ff86b1b0000 - 0x00007ff86b1c7000 	C:\WINDOWS\SYSTEM32\CRYPTSP.dll
0x00007ff86abb0000 - 0x00007ff86abe3000 	C:\WINDOWS\system32\rsaenh.dll
0x00007ff86b310000 - 0x00007ff86b335000 	C:\WINDOWS\SYSTEM32\bcrypt.dll
0x00007ff86b6b0000 - 0x00007ff86b6d8000 	C:\WINDOWS\SYSTEM32\USERENV.dll
0x00007ff86b1d0000 - 0x00007ff86b1db000 	C:\WINDOWS\SYSTEM32\CRYPTBASE.dll
0x00007ff86ad50000 - 0x00007ff86ad88000 	C:\WINDOWS\SYSTEM32\IPHLPAPI.DLL
0x00007ff86e380000 - 0x00007ff86e388000 	C:\WINDOWS\System32\NSI.dll
0x00007ff860060000 - 0x00007ff860076000 	C:\WINDOWS\SYSTEM32\dhcpcsvc6.DLL
0x00007ff860790000 - 0x00007ff8607aa000 	C:\WINDOWS\SYSTEM32\dhcpcsvc.DLL
0x00007ff844590000 - 0x00007ff8445b4000 	C:\Program Files\Android\Android Studio\jre\jre\bin\sunec.dll
0x00007ff86ada0000 - 0x00007ff86ae5e000 	C:\WINDOWS\SYSTEM32\DNSAPI.dll
0x00007ff85bd60000 - 0x00007ff85bd6a000 	C:\Windows\System32\rasadhlp.dll
0x00007ff85d2c0000 - 0x00007ff85d332000 	C:\WINDOWS\System32\fwpuclnt.dll
0x00007ff858eb0000 - 0x00007ff858ebb000 	C:\Program Files\Android\Android Studio\jre\jre\bin\sunmscapi.dll
0x00007ff86c180000 - 0x00007ff86c362000 	C:\WINDOWS\System32\CRYPT32.dll
0x00007ff86b820000 - 0x00007ff86b832000 	C:\WINDOWS\System32\MSASN1.dll
0x00007ff841940000 - 0x00007ff841adc000 	C:\Program Files\Android\Android Studio\jre\jre\bin\awt.dll
0x00007ff86e390000 - 0x00007ff86e452000 	C:\WINDOWS\System32\OLEAUT32.dll
0x00007ff869b90000 - 0x00007ff869bb9000 	C:\WINDOWS\SYSTEM32\dwmapi.dll
0x00007ff868220000 - 0x00007ff8687e7000 	C:\WINDOWS\SYSTEM32\d2d1.dll
0x00007ff869850000 - 0x00007ff8698db000 	C:\WINDOWS\SYSTEM32\apphelp.dll
0x00007ff8699e0000 - 0x00007ff869a78000 	C:\WINDOWS\system32\uxtheme.dll

VM Arguments:
jvm_args: -Xmx1536m -Dfile.encoding=windows-1252 -Duser.country=US -Duser.language=en -Duser.variant 
java_command: org.gradle.launcher.daemon.bootstrap.GradleDaemon 5.1.1
java_class_path (initial): C:\Users\Hp\.gradle\wrapper\dists\gradle-5.1.1-bin\90y9l8txxfw1s2o6ctiqeruwn\gradle-5.1.1\lib\gradle-launcher-5.1.1.jar
Launcher Type: SUN_STANDARD

Environment Variables:
JAVA_HOME=C:\Program Files\Java\jdk-11.0.2
PATH=C:\WinAVR-20100110\bin;C:\WinAVR-20100110\utils\bin;"C:\ProgramData\Oracle\Java\javapath;C:\Program Files\Java\jdk-9.0.1\bin";C:\Program Files (x86)\Intel\Intel(R) Management Engine Components\iCLS\;C:\Program Files\Intel\Intel(R) Management Engine Components\iCLS\;C:\windows\system32;C:\windows;C:\windows\System32\Wbem;C:\windows\System32\WindowsPowerShell\v1.0\;C:\Program Files (x86)\Intel\Intel(R) Management Engine Components\DAL;C:\Program Files\Intel\Intel(R) Management Engine Components\DAL;C:\Program Files (x86)\Intel\Intel(R) Management Engine Components\IPT;C:\Program Files\Intel\Intel(R) Management Engine Components\IPT;C:\Program Files (x86)\NVIDIA Corporation\PhysX\Common;C:\Program Files\Git\cmd;C:\WINDOWS\system32;C:\WINDOWS;C:\WINDOWS\System32\Wbem;C:\WINDOWS\System32\WindowsPowerShell\v1.0\;C:\WINDOWS\System32\OpenSSH\;C:\Program Files\Java\jdk-11.0.2\bin;C:\Python27;C:\Program Files\nodejs\;C:\Program Files (x86)\CodeBlocks\MinGW\bin;"C:\Users\Hp\AppData\Local\Microsoft\WindowsApps;C:\Users\Hp\AppData\Local\Android\Sdk\platform-tools";C:\Users\Hp\AppData\Local\atom\bin;C:\Users\Hp\AppData\Local\Microsoft\WindowsApps;C:\Users\Hp\AppData\Roaming\npm;C:\WinAVR-20100110\avr\bin;C:\WinAVR-20100110\bin;;C:\Users\Hp\AppData\Local\Programs\Microsoft VS Code\bin
USERNAME=Hp
OS=Windows_NT
PROCESSOR_IDENTIFIER=Intel64 Family 6 Model 142 Stepping 10, GenuineIntel



---------------  S Y S T E M  ---------------

OS: Windows 10.0 , 64 bit Build 17134 (10.0.17134.753)

CPU:total 8 (initial active 8) (4 cores per cpu, 2 threads per core) family 6 model 142 stepping 10, cmov, cx8, fxsr, mmx, sse, sse2, sse3, ssse3, sse4.1, sse4.2, popcnt, avx, avx2, aes, clmul, erms, 3dnowpref, lzcnt, ht, tsc, tscinvbit, bmi1, bmi2, adx

Memory: 4k page, physical 8301668k(739272k free), swap 8301668k(5540k free)

vm_info: OpenJDK 64-Bit Server VM (25.202-b03) for windows-amd64 JRE (1.8.0_202-release-1483-b03), built by "builder" with MS VC++ 10.0 (VS2010)

time: Sat Sep 14 10:26:14 2019
timezone: Sri Lanka Standard Time
elapsed time: 6998 seconds (0d 1h 56m 38s)

