#
# There is insufficient memory for the Java Runtime Environment to continue.
# Native memory allocation (malloc) failed to allocate 32744 bytes for ChunkPool::allocate
# Possible reasons:
#   The system is out of physical RAM or swap space
#   The process is running with CompressedOops enabled, and the Java Heap may be blocking the growth of the native heap
# Possible solutions:
#   Reduce memory load on the system
#   Increase physical memory or swap space
#   Check if swap backing store is full
#   Decrease Java heap size (-Xmx/-Xms)
#   Decrease number of Java threads
#   Decrease Java thread stack sizes (-Xss)
#   Set larger code cache with -XX:ReservedCodeCacheSize=
#   JVM is running with Unscaled Compressed Oops mode in which the Java heap is
#     placed in the first 4GB address space. The Java Heap base address is the
#     maximum limit for the native heap growth. Please use -XX:HeapBaseMinAddress
#     to set the Java Heap base and to place the Java Heap above 4GB virtual address.
# This output file may be truncated or incomplete.
#
#  Out of Memory Error (allocation.cpp:272), pid=16160, tid=0x0000000000004170
#
# JRE version: OpenJDK Runtime Environment (8.0_202-b03) (build 1.8.0_202-release-1483-b03)
# Java VM: OpenJDK 64-Bit Server VM (25.202-b03 mixed mode windows-amd64 compressed oops)
# Failed to write core dump. Minidumps are not enabled by default on client versions of Windows
#

---------------  T H R E A D  ---------------

Current thread (0x0000000018e5a800):  JavaThread "C1 CompilerThread3" daemon [_thread_in_native, id=16752, stack(0x0000000019a10000,0x0000000019b10000)]

Stack: [0x0000000019a10000,0x0000000019b10000]
[error occurred during error reporting (printing stack bounds), id 0xc0000005]

Native frames: (J=compiled Java code, j=interpreted, Vv=VM code, C=native code)


Current CompileTask:
C1:3309146 16449       3       com.android.tools.r8.code.SubInt::<init> (7 bytes)


---------------  P R O C E S S  ---------------

Java Threads: ( => current thread )
  0x0000000020950800 JavaThread "ForkJoinPool-1-worker-0" daemon [_thread_blocked, id=23080, stack(0x000000002dcf0000,0x000000002ddf0000)]
  0x0000000020950000 JavaThread "ForkJoinPool-1-worker-7" daemon [_thread_blocked, id=1256, stack(0x000000002dbf0000,0x000000002dcf0000)]
  0x000000002094d000 JavaThread "ForkJoinPool-1-worker-6" daemon [_thread_blocked, id=14904, stack(0x000000002daf0000,0x000000002dbf0000)]
  0x000000002094f000 JavaThread "ForkJoinPool-1-worker-5" daemon [_thread_blocked, id=12696, stack(0x000000002d9f0000,0x000000002daf0000)]
  0x000000002094c000 JavaThread "ForkJoinPool-1-worker-4" daemon [_thread_blocked, id=21176, stack(0x000000002d8f0000,0x000000002d9f0000)]
  0x0000000020943800 JavaThread "ForkJoinPool-1-worker-3" daemon [_thread_blocked, id=7180, stack(0x000000002d7f0000,0x000000002d8f0000)]
  0x000000002094a800 JavaThread "ForkJoinPool-1-worker-2" daemon [_thread_in_vm, id=14612, stack(0x000000002d6f0000,0x000000002d7f0000)]
  0x0000000020949000 JavaThread "ForkJoinPool-1-worker-1" daemon [_thread_blocked, id=4072, stack(0x000000002d5f0000,0x000000002d6f0000)]
  0x000000002094a000 JavaThread "Cache worker for Java compile cache (G:\Hackathon\heyHelper\HeyHelper_Hackthon\HeyHelper\.gradle\5.1.1\javaCompile)" [_thread_blocked, id=23220, stack(0x000000002d4f0000,0x000000002d5f0000)]
  0x0000000020947000 JavaThread "Cache worker for Java compile cache (C:\Users\Hp\.gradle\caches\5.1.1\javaCompile)" [_thread_blocked, id=23872, stack(0x000000002d3f0000,0x000000002d4f0000)]
  0x0000000020946000 JavaThread "stdout" daemon [_thread_in_native, id=7776, stack(0x000000002d2f0000,0x000000002d3f0000)]
  0x0000000020944800 JavaThread "stderr" daemon [_thread_in_native, id=3956, stack(0x000000002d1f0000,0x000000002d2f0000)]
  0x0000000020945800 JavaThread "stdout" daemon [_thread_in_native, id=11612, stack(0x000000002d0f0000,0x000000002d1f0000)]
  0x000000001b224800 JavaThread "stderr" daemon [_thread_in_native, id=1768, stack(0x000000002cff0000,0x000000002d0f0000)]
  0x000000001b223000 JavaThread "stdout" daemon [_thread_in_native, id=3736, stack(0x000000002cef0000,0x000000002cff0000)]
  0x000000001b222000 JavaThread "stderr" daemon [_thread_in_native, id=20128, stack(0x000000002cdf0000,0x000000002cef0000)]
  0x000000001c7aa000 JavaThread "stdout" daemon [_thread_in_native, id=11324, stack(0x000000002ccf0000,0x000000002cdf0000)]
  0x000000001c7a9800 JavaThread "stderr" daemon [_thread_in_native, id=17484, stack(0x000000002cbf0000,0x000000002ccf0000)]
  0x000000001c7a7000 JavaThread "stdout" daemon [_thread_in_native, id=18468, stack(0x000000002caf0000,0x000000002cbf0000)]
  0x000000001c7a4000 JavaThread "stderr" daemon [_thread_in_native, id=17004, stack(0x000000002c9f0000,0x000000002caf0000)]
  0x000000001c7a6800 JavaThread "pool-9-thread-1" [_thread_blocked, id=15064, stack(0x000000002c8f0000,0x000000002c9f0000)]
  0x000000001c7a5800 JavaThread "ForkJoinPool.commonPool-worker-0" daemon [_thread_blocked, id=9852, stack(0x000000002c7f0000,0x000000002c8f0000)]
  0x000000001c7a8000 JavaThread "ForkJoinPool.commonPool-worker-7" daemon [_thread_blocked, id=16808, stack(0x000000002c6f0000,0x000000002c7f0000)]
  0x0000000020d75800 JavaThread "ForkJoinPool.commonPool-worker-6" daemon [_thread_blocked, id=23896, stack(0x000000002c5f0000,0x000000002c6f0000)]
  0x0000000020d79000 JavaThread "ForkJoinPool.commonPool-worker-5" daemon [_thread_blocked, id=24024, stack(0x000000002c4f0000,0x000000002c5f0000)]
  0x0000000020d7a800 JavaThread "Cache worker for execution history cache (G:\Hackathon\heyHelper\HeyHelper_Hackthon\HeyHelper\.gradle\5.1.1\executionHistory)" [_thread_blocked, id=15348, stack(0x000000002c1f0000,0x000000002c2f0000)]
  0x0000000020d7a000 JavaThread "Execution worker for ':' Thread 7" [_thread_blocked, id=17840, stack(0x000000002c0f0000,0x000000002c1f0000)]
  0x0000000020d76000 JavaThread "Execution worker for ':' Thread 6" [_thread_blocked, id=12600, stack(0x000000002bff0000,0x000000002c0f0000)]
  0x0000000020d6c800 JavaThread "Execution worker for ':' Thread 5" [_thread_blocked, id=23720, stack(0x000000002bef0000,0x000000002bff0000)]
  0x0000000020d73000 JavaThread "Execution worker for ':' Thread 4" [_thread_blocked, id=23376, stack(0x000000002bdf0000,0x000000002bef0000)]
  0x0000000020d71800 JavaThread "Execution worker for ':' Thread 3" [_thread_blocked, id=23336, stack(0x000000002bcf0000,0x000000002bdf0000)]
  0x0000000020d71000 JavaThread "Execution worker for ':' Thread 2" [_thread_blocked, id=17432, stack(0x000000002bbf0000,0x000000002bcf0000)]
  0x0000000020d72800 JavaThread "Execution worker for ':'" [_thread_blocked, id=20628, stack(0x000000002baf0000,0x000000002bbf0000)]
  0x0000000020d6b800 JavaThread "Cache worker for file content cache (G:\Hackathon\heyHelper\HeyHelper_Hackthon\HeyHelper\.gradle\5.1.1\fileContent)" [_thread_blocked, id=21796, stack(0x000000002b9f0000,0x000000002baf0000)]
  0x0000000020d70000 JavaThread "Cache worker for Build Output Cleanup Cache (G:\Hackathon\heyHelper\HeyHelper_Hackthon\HeyHelper\.gradle\buildOutputCleanup)" [_thread_blocked, id=20800, stack(0x000000002b8f0000,0x000000002b9f0000)]
  0x0000000020d6f800 JavaThread "Build operations Thread 8" [_thread_blocked, id=16388, stack(0x000000002b7f0000,0x000000002b8f0000)]
  0x0000000020d6e800 JavaThread "Build operations Thread 7" [_thread_blocked, id=5672, stack(0x000000002b6f0000,0x000000002b7f0000)]
  0x0000000020d6e000 JavaThread "Build operations Thread 6" [_thread_blocked, id=13028, stack(0x000000002b5f0000,0x000000002b6f0000)]
  0x000000001a6bd800 JavaThread "Build operations Thread 5" [_thread_blocked, id=3324, stack(0x000000002b4f0000,0x000000002b5f0000)]
  0x000000001a6bc800 JavaThread "Build operations Thread 4" [_thread_blocked, id=9916, stack(0x000000002b3f0000,0x000000002b4f0000)]
  0x000000001a6bb000 JavaThread "Build operations Thread 3" [_thread_blocked, id=20724, stack(0x000000002b2f0000,0x000000002b3f0000)]
  0x000000001a6ba800 JavaThread "Build operations Thread 2" [_thread_blocked, id=17324, stack(0x000000002b1f0000,0x000000002b2f0000)]
  0x000000001a6b3000 JavaThread "Build operations" [_thread_blocked, id=15100, stack(0x000000002b0f0000,0x000000002b1f0000)]
  0x000000001a6b9000 JavaThread "Cache worker for cache directory md-rule (C:\Users\Hp\.gradle\caches\5.1.1\md-rule)" [_thread_blocked, id=32, stack(0x000000002aff0000,0x000000002b0f0000)]
  0x000000001a6b1800 JavaThread "Cache worker for cache directory md-supplier (C:\Users\Hp\.gradle\caches\5.1.1\md-supplier)" [_thread_blocked, id=19396, stack(0x000000002aef0000,0x000000002aff0000)]
  0x000000001a6b8000 JavaThread "Cache worker for file hash cache (G:\Hackathon\heyHelper\HeyHelper_Hackthon\HeyHelper\.gradle\5.1.1\fileHashes)" [_thread_blocked, id=9204, stack(0x000000002adf0000,0x000000002aef0000)]
  0x000000001a6b7800 JavaThread "Thread-93" [_thread_blocked, id=21192, stack(0x000000002acf0000,0x000000002adf0000)]
  0x000000001a6b5000 JavaThread "Stdin handler" [_thread_blocked, id=14144, stack(0x000000002abf0000,0x000000002acf0000)]
  0x000000001a6b6800 JavaThread "Asynchronous log dispatcher for DefaultDaemonConnection: socket connection from /127.0.0.1:53078 to /127.0.0.1:54117" [_thread_blocked, id=20608, stack(0x000000002aaf0000,0x000000002abf0000)]
  0x000000001a6ae800 JavaThread "Daemon worker Thread 3" [_thread_blocked, id=17528, stack(0x000000002a9f0000,0x000000002aaf0000)]
  0x000000001a6b0800 JavaThread "Cancel handler" [_thread_blocked, id=10188, stack(0x000000002a8f0000,0x000000002a9f0000)]
  0x000000001a6b0000 JavaThread "Handler for socket connection from /127.0.0.1:53078 to /127.0.0.1:54117" [_thread_in_native, id=6624, stack(0x000000002a7f0000,0x000000002a8f0000)]
  0x000000001a6af000 JavaThread "Daemon Thread 3" [_thread_blocked, id=17492, stack(0x000000002a6f0000,0x000000002a7f0000)]
  0x000000001a6b4800 JavaThread "Cache worker for file content cache (C:\Users\Hp\.gradle\caches\5.1.1\fileContent)" [_thread_blocked, id=16252, stack(0x00000000253f0000,0x00000000254f0000)]
  0x000000001a6b6000 JavaThread "Memory manager" [_thread_blocked, id=14936, stack(0x0000000024f10000,0x0000000025010000)]
  0x000000001c7a8800 JavaThread "Cache worker for execution history cache (C:\Users\Hp\.gradle\caches\5.1.1\executionHistory)" [_thread_blocked, id=18044, stack(0x0000000022880000,0x0000000022980000)]
  0x000000001b21f000 JavaThread "Cache worker for journal cache (C:\Users\Hp\.gradle\caches\journal-1)" [_thread_blocked, id=1864, stack(0x000000001d930000,0x000000001da30000)]
  0x000000001b21a800 JavaThread "File lock request listener" [_thread_in_native, id=10328, stack(0x000000001d830000,0x000000001d930000)]
  0x000000001b036000 JavaThread "Cache worker for file hash cache (C:\Users\Hp\.gradle\caches\5.1.1\fileHashes)" [_thread_blocked, id=13252, stack(0x000000001d730000,0x000000001d830000)]
  0x0000000019dbd800 JavaThread "Daemon periodic checks" [_thread_blocked, id=11996, stack(0x000000001bc60000,0x000000001bd60000)]
  0x0000000019d27000 JavaThread "Incoming local TCP Connector on port 53078" [_thread_in_native, id=16240, stack(0x000000001ba20000,0x000000001bb20000)]
  0x0000000018ed8000 JavaThread "Service Thread" daemon [_thread_blocked, id=8980, stack(0x0000000019b10000,0x0000000019c10000)]
=>0x0000000018e5a800 JavaThread "C1 CompilerThread3" daemon [_thread_in_native, id=16752, stack(0x0000000019a10000,0x0000000019b10000)]
  0x0000000018e50000 JavaThread "C2 CompilerThread2" daemon [_thread_in_native, id=648, stack(0x0000000019910000,0x0000000019a10000)]
  0x0000000018e4e000 JavaThread "C2 CompilerThread1" daemon [_thread_in_native, id=11436, stack(0x0000000019810000,0x0000000019910000)]
  0x0000000018e48000 JavaThread "C2 CompilerThread0" daemon [_thread_in_native, id=6296, stack(0x0000000019710000,0x0000000019810000)]
  0x0000000018e47000 JavaThread "Attach Listener" daemon [_thread_blocked, id=16316, stack(0x0000000019610000,0x0000000019710000)]
  0x0000000018e46000 JavaThread "Signal Dispatcher" daemon [_thread_blocked, id=13820, stack(0x0000000019510000,0x0000000019610000)]
  0x0000000018e40800 JavaThread "Finalizer" daemon [_thread_blocked, id=13620, stack(0x0000000019320000,0x0000000019420000)]
  0x000000001703c000 JavaThread "Reference Handler" daemon [_thread_blocked, id=18040, stack(0x0000000019220000,0x0000000019320000)]
  0x000000000300e000 JavaThread "main" [_thread_blocked, id=16092, stack(0x0000000003080000,0x0000000003180000)]

Other Threads:
  0x0000000017038000 VMThread [stack: 0x0000000018d20000,0x0000000018e20000] [id=17960]
  0x0000000018ed8800 WatcherThread [stack: 0x0000000019c10000,0x0000000019d10000] [id=20368]

VM state:not at safepoint (normal execution)

VM Mutex/Monitor currently owned by a thread: None

heap address: 0x00000000a0000000, size: 1536 MB, Compressed Oops mode: 32-bit
Narrow klass base: 0x0000000000000000, Narrow klass shift: 3
Compressed class space size: 1073741824 Address: 0x0000000100000000

Heap:
 PSYoungGen      total 138240K, used 104687K [0x00000000e0000000, 0x00000000eb680000, 0x0000000100000000)
  eden space 98816K, 68% used [0x00000000e0000000,0x00000000e4228c00,0x00000000e6080000)
  from space 39424K, 93% used [0x00000000e6280000,0x00000000e8693218,0x00000000e8900000)
  to   space 44032K, 0% used [0x00000000e8b80000,0x00000000e8b80000,0x00000000eb680000)
 ParOldGen       total 145920K, used 37565K [0x00000000a0000000, 0x00000000a8e80000, 0x00000000e0000000)
  object space 145920K, 25% used [0x00000000a0000000,0x00000000a24af6c0,0x00000000a8e80000)
 Metaspace       used 88178K, capacity 92364K, committed 92632K, reserved 1130496K
  class space    used 11455K, capacity 12246K, committed 12288K, reserved 1048576K

Card table byte_map: [0x0000000012640000,0x0000000012950000] byte_map_base: 0x0000000012140000

Marking Bits: (ParMarkBitMap*) 0x0000000066da9f30
 Begin Bits: [0x0000000013350000, 0x0000000014b50000)
 End Bits:   [0x0000000014b50000, 0x0000000016350000)

Polling page: 0x0000000002fa0000

CodeCache: size=245760Kb used=43133Kb max_used=43616Kb free=202626Kb
 bounds [0x0000000003280000, 0x0000000005d80000, 0x0000000012280000]
 total_blobs=14270 nmethods=13407 adapters=775
 compilation: enabled

Compilation events (10 events):
Event: 3307.585 Thread 0x0000000018e5a800 nmethod 16443 0x00000000049fbe10 code [0x00000000049fbf80, 0x00000000049fc2d0]
Event: 3307.586 Thread 0x0000000018e5a800 16445       3       com.android.tools.r8.code.FillArrayDataPayload::<init> (107 bytes)
Event: 3307.587 Thread 0x0000000018e5a800 nmethod 16445 0x00000000049fab50 code [0x00000000049fad60, 0x00000000049fb6d8]
Event: 3307.587 Thread 0x0000000018e5a800 16446       3       com.android.tools.r8.code.FillArrayDataPayload::hashCode (49 bytes)
Event: 3307.587 Thread 0x0000000018e5a800 nmethod 16446 0x00000000057e0190 code [0x00000000057e0320, 0x00000000057e07e8]
Event: 3307.587 Thread 0x0000000018e5a800 16447       3       com.android.tools.r8.graph.DexItemFactory$$Lambda$762/460022509::apply (15 bytes)
Event: 3307.588 Thread 0x0000000018e5a800 nmethod 16447 0x00000000057df950 code [0x00000000057dfae0, 0x00000000057dff90]
Event: 3307.588 Thread 0x0000000018e5a800 16448       3       com.android.tools.r8.graph.DexDebugEvent$AdvanceLine::<init> (10 bytes)
Event: 3307.588 Thread 0x0000000018e5a800 nmethod 16448 0x00000000057df450 code [0x00000000057df5c0, 0x00000000057df830]
Event: 3307.589 Thread 0x0000000018e5a800 16449       3       com.android.tools.r8.code.SubInt::<init> (7 bytes)

GC Heap History (10 events):
Event: 3290.972 GC heap before
{Heap before GC invocations=28 (full 3):
 PSYoungGen      total 139776K, used 136123K [0x00000000e0000000, 0x00000000ea280000, 0x0000000100000000)
  eden space 116224K, 100% used [0x00000000e0000000,0x00000000e7180000,0x00000000e7180000)
  from space 23552K, 84% used [0x00000000e8b00000,0x00000000e9e6ef10,0x00000000ea200000)
  to   space 25088K, 0% used [0x00000000e7180000,0x00000000e7180000,0x00000000e8a00000)
 ParOldGen       total 145920K, used 31239K [0x00000000a0000000, 0x00000000a8e80000, 0x00000000e0000000)
  object space 145920K, 21% used [0x00000000a0000000,0x00000000a1e81ce0,0x00000000a8e80000)
 Metaspace       used 71803K, capacity 74366K, committed 74456K, reserved 1114112K
  class space    used 9358K, capacity 9919K, committed 9984K, reserved 1048576K
Event: 3290.982 GC heap after
Heap after GC invocations=28 (full 3):
 PSYoungGen      total 131584K, used 17765K [0x00000000e0000000, 0x00000000ea100000, 0x0000000100000000)
  eden space 113664K, 0% used [0x00000000e0000000,0x00000000e0000000,0x00000000e6f00000)
  from space 17920K, 99% used [0x00000000e7180000,0x00000000e82d9790,0x00000000e8300000)
  to   space 25600K, 0% used [0x00000000e8800000,0x00000000e8800000,0x00000000ea100000)
 ParOldGen       total 145920K, used 31247K [0x00000000a0000000, 0x00000000a8e80000, 0x00000000e0000000)
  object space 145920K, 21% used [0x00000000a0000000,0x00000000a1e83ce0,0x00000000a8e80000)
 Metaspace       used 71803K, capacity 74366K, committed 74456K, reserved 1114112K
  class space    used 9358K, capacity 9919K, committed 9984K, reserved 1048576K
}
Event: 3292.752 GC heap before
{Heap before GC invocations=29 (full 3):
 PSYoungGen      total 131584K, used 131429K [0x00000000e0000000, 0x00000000ea100000, 0x0000000100000000)
  eden space 113664K, 100% used [0x00000000e0000000,0x00000000e6f00000,0x00000000e6f00000)
  from space 17920K, 99% used [0x00000000e7180000,0x00000000e82d9790,0x00000000e8300000)
  to   space 25600K, 0% used [0x00000000e8800000,0x00000000e8800000,0x00000000ea100000)
 ParOldGen       total 145920K, used 31247K [0x00000000a0000000, 0x00000000a8e80000, 0x00000000e0000000)
  object space 145920K, 21% used [0x00000000a0000000,0x00000000a1e83ce0,0x00000000a8e80000)
 Metaspace       used 73014K, capacity 75586K, committed 75864K, reserved 1116160K
  class space    used 9478K, capacity 10059K, committed 10112K, reserved 1048576K
Event: 3292.767 GC heap after
Heap after GC invocations=29 (full 3):
 PSYoungGen      total 133632K, used 25579K [0x00000000e0000000, 0x00000000ea980000, 0x0000000100000000)
  eden space 108032K, 0% used [0x00000000e0000000,0x00000000e0000000,0x00000000e6980000)
  from space 25600K, 99% used [0x00000000e8800000,0x00000000ea0fae70,0x00000000ea100000)
  to   space 31232K, 0% used [0x00000000e6980000,0x00000000e6980000,0x00000000e8800000)
 ParOldGen       total 145920K, used 37541K [0x00000000a0000000, 0x00000000a8e80000, 0x00000000e0000000)
  object space 145920K, 25% used [0x00000000a0000000,0x00000000a24a96c0,0x00000000a8e80000)
 Metaspace       used 73014K, capacity 75586K, committed 75864K, reserved 1116160K
  class space    used 9478K, capacity 10059K, committed 10112K, reserved 1048576K
}
Event: 3297.057 GC heap before
{Heap before GC invocations=30 (full 3):
 PSYoungGen      total 133632K, used 133611K [0x00000000e0000000, 0x00000000ea980000, 0x0000000100000000)
  eden space 108032K, 100% used [0x00000000e0000000,0x00000000e6980000,0x00000000e6980000)
  from space 25600K, 99% used [0x00000000e8800000,0x00000000ea0fae70,0x00000000ea100000)
  to   space 31232K, 0% used [0x00000000e6980000,0x00000000e6980000,0x00000000e8800000)
 ParOldGen       total 145920K, used 37541K [0x00000000a0000000, 0x00000000a8e80000, 0x00000000e0000000)
  object space 145920K, 25% used [0x00000000a0000000,0x00000000a24a96c0,0x00000000a8e80000)
 Metaspace       used 73803K, capacity 76390K, committed 76760K, reserved 1116160K
  class space    used 9568K, capacity 10129K, committed 10240K, reserved 1048576K
Event: 3297.104 GC heap after
Heap after GC invocations=30 (full 3):
 PSYoungGen      total 136704K, used 29333K [0x00000000e0000000, 0x00000000eab00000, 0x0000000100000000)
  eden space 105472K, 0% used [0x00000000e0000000,0x00000000e0000000,0x00000000e6700000)
  from space 31232K, 93% used [0x00000000e6980000,0x00000000e86256a8,0x00000000e8800000)
  to   space 34816K, 0% used [0x00000000e8900000,0x00000000e8900000,0x00000000eab00000)
 ParOldGen       total 145920K, used 37549K [0x00000000a0000000, 0x00000000a8e80000, 0x00000000e0000000)
  object space 145920K, 25% used [0x00000000a0000000,0x00000000a24ab6c0,0x00000000a8e80000)
 Metaspace       used 73803K, capacity 76390K, committed 76760K, reserved 1116160K
  class space    used 9568K, capacity 10129K, committed 10240K, reserved 1048576K
}
Event: 3303.145 GC heap before
{Heap before GC invocations=31 (full 3):
 PSYoungGen      total 136704K, used 134805K [0x00000000e0000000, 0x00000000eab00000, 0x0000000100000000)
  eden space 105472K, 100% used [0x00000000e0000000,0x00000000e6700000,0x00000000e6700000)
  from space 31232K, 93% used [0x00000000e6980000,0x00000000e86256a8,0x00000000e8800000)
  to   space 34816K, 0% used [0x00000000e8900000,0x00000000e8900000,0x00000000eab00000)
 ParOldGen       total 145920K, used 37549K [0x00000000a0000000, 0x00000000a8e80000, 0x00000000e0000000)
  object space 145920K, 25% used [0x00000000a0000000,0x00000000a24ab6c0,0x00000000a8e80000)
 Metaspace       used 79111K, capacity 81792K, committed 81880K, reserved 1120256K
  class space    used 10139K, capacity 10714K, committed 10752K, reserved 1048576K
Event: 3303.167 GC heap after
Heap after GC invocations=31 (full 3):
 PSYoungGen      total 135680K, used 33371K [0x00000000e0000000, 0x00000000eb180000, 0x0000000100000000)
  eden space 100864K, 0% used [0x00000000e0000000,0x00000000e0000000,0x00000000e6280000)
  from space 34816K, 95% used [0x00000000e8900000,0x00000000ea996f08,0x00000000eab00000)
  to   space 39424K, 0% used [0x00000000e6280000,0x00000000e6280000,0x00000000e8900000)
 ParOldGen       total 145920K, used 37557K [0x00000000a0000000, 0x00000000a8e80000, 0x00000000e0000000)
  object space 145920K, 25% used [0x00000000a0000000,0x00000000a24ad6c0,0x00000000a8e80000)
 Metaspace       used 79111K, capacity 81792K, committed 81880K, reserved 1120256K
  class space    used 10139K, capacity 10714K, committed 10752K, reserved 1048576K
}
Event: 3306.761 GC heap before
{Heap before GC invocations=32 (full 3):
 PSYoungGen      total 135680K, used 134235K [0x00000000e0000000, 0x00000000eb180000, 0x0000000100000000)
  eden space 100864K, 100% used [0x00000000e0000000,0x00000000e6280000,0x00000000e6280000)
  from space 34816K, 95% used [0x00000000e8900000,0x00000000ea996f08,0x00000000eab00000)
  to   space 39424K, 0% used [0x00000000e6280000,0x00000000e6280000,0x00000000e8900000)
 ParOldGen       total 145920K, used 37557K [0x00000000a0000000, 0x00000000a8e80000, 0x00000000e0000000)
  object space 145920K, 25% used [0x00000000a0000000,0x00000000a24ad6c0,0x00000000a8e80000)
 Metaspace       used 87126K, capacity 91200K, committed 91352K, reserved 1128448K
  class space    used 11272K, capacity 12026K, committed 12032K, reserved 1048576K
Event: 3306.814 GC heap after
Heap after GC invocations=32 (full 3):
 PSYoungGen      total 138240K, used 36940K [0x00000000e0000000, 0x00000000eb680000, 0x0000000100000000)
  eden space 98816K, 0% used [0x00000000e0000000,0x00000000e0000000,0x00000000e6080000)
  from space 39424K, 93% used [0x00000000e6280000,0x00000000e8693218,0x00000000e8900000)
  to   space 44032K, 0% used [0x00000000e8b80000,0x00000000e8b80000,0x00000000eb680000)
 ParOldGen       total 145920K, used 37565K [0x00000000a0000000, 0x00000000a8e80000, 0x00000000e0000000)
  object space 145920K, 25% used [0x00000000a0000000,0x00000000a24af6c0,0x00000000a8e80000)
 Metaspace       used 87126K, capacity 91200K, committed 91352K, reserved 1128448K
  class space    used 11272K, capacity 12026K, committed 12032K, reserved 1048576K
}

Deoptimization events (10 events):
Event: 3307.183 Thread 0x0000000020949000 Uncommon trap: reason=unstable_if action=reinterpret pc=0x00000000058c7924 method=com.android.tools.r8.utils.LebUtils.parseUleb128(Lcom/android/tools/r8/dex/BinaryReader;)I @ 27
Event: 3307.415 Thread 0x000000002094d000 Uncommon trap: reason=unstable_if action=reinterpret pc=0x0000000003452430 method=java.util.Arrays.hashCode([Ljava/lang/Object;)I @ 1
Event: 3307.415 Thread 0x0000000020950000 Uncommon trap: reason=unstable_if action=reinterpret pc=0x0000000003452430 method=java.util.Arrays.hashCode([Ljava/lang/Object;)I @ 1
Event: 3307.415 Thread 0x000000002094a800 Uncommon trap: reason=unstable_if action=reinterpret pc=0x0000000003452430 method=java.util.Arrays.hashCode([Ljava/lang/Object;)I @ 1
Event: 3307.415 Thread 0x000000002094f000 Uncommon trap: reason=unstable_if action=reinterpret pc=0x0000000003452430 method=java.util.Arrays.hashCode([Ljava/lang/Object;)I @ 1
Event: 3307.415 Thread 0x000000002094c000 Uncommon trap: reason=unstable_if action=reinterpret pc=0x0000000003452430 method=java.util.Arrays.hashCode([Ljava/lang/Object;)I @ 1
Event: 3307.415 Thread 0x0000000020943800 Uncommon trap: reason=unstable_if action=reinterpret pc=0x0000000003452430 method=java.util.Arrays.hashCode([Ljava/lang/Object;)I @ 1
Event: 3307.415 Thread 0x0000000020950800 Uncommon trap: reason=unstable_if action=reinterpret pc=0x0000000003452430 method=java.util.Arrays.hashCode([Ljava/lang/Object;)I @ 1
Event: 3307.418 Thread 0x000000002094f000 Uncommon trap: reason=unstable_if action=reinterpret pc=0x00000000055c194c method=com.android.tools.r8.dex.DexParser.cacheAt(ILjava/util/function/Supplier;)Ljava/lang/Object; @ 1
Event: 3307.488 Thread 0x000000002094a800 Uncommon trap: reason=unstable_if action=reinterpret pc=0x0000000004694c50 method=com.android.tools.r8.it.unimi.dsi.fastutil.ints.Int2ObjectOpenHashMap.get(I)Ljava/lang/Object; @ 1

Classes redefined (0 events):
No events

Internal exceptions (10 events):
Event: 3305.467 Thread 0x000000001c7a5800 Exception <a 'sun/nio/fs/WindowsException'> (0x00000000e5cb0b08) thrown at [D:\src\AOSP-openjdk-cygwin\jdk8u\hotspot\src\share\vm\prims\jni.cpp, line 710]
Event: 3305.468 Thread 0x000000001c7a5800 Exception <a 'sun/nio/fs/WindowsException'> (0x00000000e5cb59e8) thrown at [D:\src\AOSP-openjdk-cygwin\jdk8u\hotspot\src\share\vm\prims\jni.cpp, line 710]
Event: 3307.081 Thread 0x0000000020949000 Exception <a 'sun/nio/fs/WindowsException'> (0x00000000e052f850) thrown at [D:\src\AOSP-openjdk-cygwin\jdk8u\hotspot\src\share\vm\prims\jni.cpp, line 710]
Event: 3307.415 Thread 0x000000002094d000 Implicit null exception at 0x000000000345232f to 0x0000000003452421
Event: 3307.415 Thread 0x0000000020950000 Implicit null exception at 0x000000000345232f to 0x0000000003452421
Event: 3307.415 Thread 0x0000000020943800 Implicit null exception at 0x000000000345232f to 0x0000000003452421
Event: 3307.415 Thread 0x000000002094a800 Implicit null exception at 0x000000000345232f to 0x0000000003452421
Event: 3307.415 Thread 0x000000002094f000 Implicit null exception at 0x000000000345232f to 0x0000000003452421
Event: 3307.415 Thread 0x000000002094c000 Implicit null exception at 0x000000000345232f to 0x0000000003452421
Event: 3307.415 Thread 0x0000000020950800 Implicit null exception at 0x000000000345232f to 0x0000000003452421

Events (10 events):
Event: 3307.487 loading class com/android/tools/r8/graph/DexDebugEvent$AdvancePC done
Event: 3307.487 loading class com/android/tools/r8/graph/DexDebugEvent$AdvancePC
Event: 3307.487 loading class com/android/tools/r8/graph/DexDebugEvent$AdvancePC done
Event: 3307.488 Thread 0x000000002094a800 Uncommon trap: trap_request=0xffffff65 fr.pc=0x0000000004694c50
Event: 3307.488 Thread 0x000000002094a800 DEOPT PACKING pc=0x0000000004694c50 sp=0x000000002d7eec50
Event: 3307.488 Thread 0x000000002094a800 DEOPT UNPACKING pc=0x00000000032c557b sp=0x000000002d7eebf0 mode 2
Event: 3307.489 loading class com/android/tools/r8/graph/DexDebugEvent$RestartLocal
Event: 3307.489 loading class com/android/tools/r8/graph/DexDebugEvent$RestartLocal done
Event: 3307.489 loading class com/android/tools/r8/graph/DexDebugEvent$RestartLocal
Event: 3307.489 loading class com/android/tools/r8/graph/DexDebugEvent$RestartLocal done


Dynamic libraries:
0x00007ff7ca770000 - 0x00007ff7ca7a1000 	C:\Program Files\Android\Android Studio\jre\bin\java.exe
0x00007ff9e0100000 - 0x00007ff9e02e1000 	C:\WINDOWS\SYSTEM32\ntdll.dll
0x00007ff9dd590000 - 0x00007ff9dd641000 	C:\WINDOWS\System32\KERNEL32.DLL
0x00007ff9dd1f0000 - 0x00007ff9dd463000 	C:\WINDOWS\System32\KERNELBASE.dll
0x00007ff9df910000 - 0x00007ff9df9b1000 	C:\WINDOWS\System32\ADVAPI32.dll
0x00007ff9dd830000 - 0x00007ff9dd8ce000 	C:\WINDOWS\System32\msvcrt.dll
0x00007ff9dfa90000 - 0x00007ff9dfaeb000 	C:\WINDOWS\System32\sechost.dll
0x00007ff9df1e0000 - 0x00007ff9df304000 	C:\WINDOWS\System32\RPCRT4.dll
0x00007ff9dfb20000 - 0x00007ff9dfcb0000 	C:\WINDOWS\System32\USER32.dll
0x00007ff9dd470000 - 0x00007ff9dd490000 	C:\WINDOWS\System32\win32u.dll
0x00007ff9dfaf0000 - 0x00007ff9dfb18000 	C:\WINDOWS\System32\GDI32.dll
0x00007ff9dcef0000 - 0x00007ff9dd081000 	C:\WINDOWS\System32\gdi32full.dll
0x00007ff9dc740000 - 0x00007ff9dc7df000 	C:\WINDOWS\System32\msvcp_win.dll
0x00007ff9dd0f0000 - 0x00007ff9dd1e8000 	C:\WINDOWS\System32\ucrtbase.dll
0x00007ff9ce720000 - 0x00007ff9ce989000 	C:\WINDOWS\WinSxS\amd64_microsoft.windows.common-controls_6595b64144ccf1df_6.0.17134.950_none_fb3da4273069d3e0\COMCTL32.dll
0x00007ff9dfd90000 - 0x00007ff9e00b2000 	C:\WINDOWS\System32\combase.dll
0x00007ff9dc6c0000 - 0x00007ff9dc739000 	C:\WINDOWS\System32\bcryptPrimitives.dll
0x00007ff9dd7f0000 - 0x00007ff9dd81d000 	C:\WINDOWS\System32\IMM32.DLL
0x0000000066500000 - 0x00000000665d2000 	C:\Program Files\Android\Android Studio\jre\jre\bin\msvcr100.dll
0x00000000665e0000 - 0x0000000066e26000 	C:\Program Files\Android\Android Studio\jre\jre\bin\server\jvm.dll
0x00007ff9df610000 - 0x00007ff9df618000 	C:\WINDOWS\System32\PSAPI.DLL
0x00007ff9cc5b0000 - 0x00007ff9cc5b9000 	C:\WINDOWS\SYSTEM32\WSOCK32.dll
0x00007ff9d74f0000 - 0x00007ff9d74fa000 	C:\WINDOWS\SYSTEM32\VERSION.dll
0x00007ff9da370000 - 0x00007ff9da393000 	C:\WINDOWS\SYSTEM32\WINMM.dll
0x00007ff9df5a0000 - 0x00007ff9df60c000 	C:\WINDOWS\System32\WS2_32.dll
0x00007ff9d8fb0000 - 0x00007ff9d8fda000 	C:\WINDOWS\SYSTEM32\winmmbase.dll
0x00007ff9dd540000 - 0x00007ff9dd589000 	C:\WINDOWS\System32\cfgmgr32.dll
0x00007ff9ce450000 - 0x00007ff9ce45f000 	C:\Program Files\Android\Android Studio\jre\jre\bin\verify.dll
0x00007ff9a74a0000 - 0x00007ff9a74c9000 	C:\Program Files\Android\Android Studio\jre\jre\bin\java.dll
0x00007ff9b7f30000 - 0x00007ff9b7f46000 	C:\Program Files\Android\Android Studio\jre\jre\bin\zip.dll
0x00007ff9dd8d0000 - 0x00007ff9ded10000 	C:\WINDOWS\System32\SHELL32.dll
0x00007ff9df310000 - 0x00007ff9df3b9000 	C:\WINDOWS\System32\shcore.dll
0x00007ff9dc7e0000 - 0x00007ff9dceed000 	C:\WINDOWS\System32\windows.storage.dll
0x00007ff9ded30000 - 0x00007ff9ded81000 	C:\WINDOWS\System32\shlwapi.dll
0x00007ff9dc410000 - 0x00007ff9dc421000 	C:\WINDOWS\System32\kernel.appcore.dll
0x00007ff9dc4a0000 - 0x00007ff9dc4bf000 	C:\WINDOWS\System32\profapi.dll
0x00007ff9dc450000 - 0x00007ff9dc49c000 	C:\WINDOWS\System32\powrprof.dll
0x00007ff9dc4c0000 - 0x00007ff9dc4ca000 	C:\WINDOWS\System32\FLTLIB.DLL
0x00007ff9b79c0000 - 0x00007ff9b79da000 	C:\Program Files\Android\Android Studio\jre\jre\bin\net.dll
0x00007ff9dbc90000 - 0x00007ff9dbcf6000 	C:\WINDOWS\system32\mswsock.dll
0x00007ff9b7190000 - 0x00007ff9b71a1000 	C:\Program Files\Android\Android Studio\jre\jre\bin\nio.dll
0x00007ff9b8310000 - 0x00007ff9b832e000 	C:\Users\Hp\.gradle\native\25\windows-amd64\native-platform.dll
0x00007ff9c63e0000 - 0x00007ff9c63ed000 	C:\Program Files\Android\Android Studio\jre\jre\bin\management.dll
0x00007ff9dbe40000 - 0x00007ff9dbe57000 	C:\WINDOWS\SYSTEM32\CRYPTSP.dll
0x00007ff9db840000 - 0x00007ff9db873000 	C:\WINDOWS\system32\rsaenh.dll
0x00007ff9dbf70000 - 0x00007ff9dbf95000 	C:\WINDOWS\SYSTEM32\bcrypt.dll
0x00007ff9dc310000 - 0x00007ff9dc338000 	C:\WINDOWS\SYSTEM32\USERENV.dll
0x00007ff9dbe60000 - 0x00007ff9dbe6b000 	C:\WINDOWS\SYSTEM32\CRYPTBASE.dll
0x00007ff9db9e0000 - 0x00007ff9dba18000 	C:\WINDOWS\SYSTEM32\IPHLPAPI.DLL
0x00007ff9e00c0000 - 0x00007ff9e00c8000 	C:\WINDOWS\System32\NSI.dll
0x00007ff9ceef0000 - 0x00007ff9cef06000 	C:\WINDOWS\SYSTEM32\dhcpcsvc6.DLL
0x00007ff9cfe90000 - 0x00007ff9cfeaa000 	C:\WINDOWS\SYSTEM32\dhcpcsvc.DLL

VM Arguments:
jvm_args: -Xmx1536m -Dfile.encoding=windows-1252 -Duser.country=US -Duser.language=en -Duser.variant 
java_command: org.gradle.launcher.daemon.bootstrap.GradleDaemon 5.1.1
java_class_path (initial): C:\Users\Hp\.gradle\wrapper\dists\gradle-5.1.1-bin\90y9l8txxfw1s2o6ctiqeruwn\gradle-5.1.1\lib\gradle-launcher-5.1.1.jar
Launcher Type: SUN_STANDARD

Environment Variables:
JAVA_HOME=C:\Program Files\Java\jdk-11.0.2
PATH=C:\WinAVR-20100110\bin;C:\WinAVR-20100110\utils\bin;"C:\ProgramData\Oracle\Java\javapath;C:\Program Files\Java\jdk-9.0.1\bin";C:\Program Files (x86)\Intel\Intel(R) Management Engine Components\iCLS\;C:\Program Files\Intel\Intel(R) Management Engine Components\iCLS\;C:\windows\system32;C:\windows;C:\windows\System32\Wbem;C:\windows\System32\WindowsPowerShell\v1.0\;C:\Program Files (x86)\Intel\Intel(R) Management Engine Components\DAL;C:\Program Files\Intel\Intel(R) Management Engine Components\DAL;C:\Program Files (x86)\Intel\Intel(R) Management Engine Components\IPT;C:\Program Files\Intel\Intel(R) Management Engine Components\IPT;C:\Program Files (x86)\NVIDIA Corporation\PhysX\Common;C:\Program Files\Git\cmd;C:\WINDOWS\system32;C:\WINDOWS;C:\WINDOWS\System32\Wbem;C:\WINDOWS\System32\WindowsPowerShell\v1.0\;C:\WINDOWS\System32\OpenSSH\;C:\Program Files\Java\jdk-11.0.2\bin;C:\Python27;C:\Program Files\nodejs\;C:\Program Files (x86)\CodeBlocks\MinGW\bin;"C:\Users\Hp\AppData\Local\Microsoft\WindowsApps;C:\Users\Hp\AppData\Local\Android\Sdk\platform-tools";C:\Users\Hp\AppData\Local\atom\bin;C:\Users\Hp\AppData\Local\Microsoft\WindowsApps;C:\Users\Hp\AppData\Roaming\npm;C:\WinAVR-20100110\avr\bin;C:\WinAVR-20100110\bin;;C:\Users\Hp\AppData\Local\Programs\Microsoft VS Code\bin
USERNAME=Hp
OS=Windows_NT
PROCESSOR_IDENTIFIER=Intel64 Family 6 Model 142 Stepping 10, GenuineIntel



---------------  S Y S T E M  ---------------

OS: Windows 10.0 , 64 bit Build 17134 (10.0.17134.753)

CPU:total 8 (initial active 8) (4 cores per cpu, 2 threads per core) family 6 model 142 stepping 10, cmov, cx8, fxsr, mmx, sse, sse2, sse3, ssse3, sse4.1, sse4.2, popcnt, avx, avx2, aes, clmul, erms, 3dnowpref, lzcnt, ht, tsc, tscinvbit, bmi1, bmi2, adx

Memory: 4k page, physical 8301668k(764312k free), swap 8301668k(5500k free)

vm_info: OpenJDK 64-Bit Server VM (25.202-b03) for windows-amd64 JRE (1.8.0_202-release-1483-b03), built by "builder" with MS VC++ 10.0 (VS2010)

time: Wed Sep 11 16:28:41 2019
timezone: Sri Lanka Standard Time
elapsed time: 3307 seconds (0d 0h 55m 7s)

