#
# There is insufficient memory for the Java Runtime Environment to continue.
# Native memory allocation (malloc) failed to allocate 2293136 bytes for Chunk::new
# Possible reasons:
#   The system is out of physical RAM or swap space
#   The process is running with CompressedOops enabled, and the Java Heap may be blocking the growth of the native heap
# Possible solutions:
#   Reduce memory load on the system
#   Increase physical memory or swap space
#   Check if swap backing store is full
#   Decrease Java heap size (-Xmx/-Xms)
#   Decrease number of Java threads
#   Decrease Java thread stack sizes (-Xss)
#   Set larger code cache with -XX:ReservedCodeCacheSize=
#   JVM is running with Unscaled Compressed Oops mode in which the Java heap is
#     placed in the first 4GB address space. The Java Heap base address is the
#     maximum limit for the native heap growth. Please use -XX:HeapBaseMinAddress
#     to set the Java Heap base and to place the Java Heap above 4GB virtual address.
# This output file may be truncated or incomplete.
#
#  Out of Memory Error (allocation.cpp:389), pid=16944, tid=0x0000000000001eb8
#
# JRE version: OpenJDK Runtime Environment (8.0_202-b03) (build 1.8.0_202-release-1483-b03)
# Java VM: OpenJDK 64-Bit Server VM (25.202-b03 mixed mode windows-amd64 compressed oops)
# Failed to write core dump. Minidumps are not enabled by default on client versions of Windows
#

---------------  T H R E A D  ---------------

Current thread (0x0000000018dec800):  JavaThread "C2 CompilerThread0" daemon [_thread_in_native, id=7864, stack(0x00000000196b0000,0x00000000197b0000)]

Stack: [0x00000000196b0000,0x00000000197b0000]
[error occurred during error reporting (printing stack bounds), id 0xc0000005]

Native frames: (J=compiled Java code, j=interpreted, Vv=VM code, C=native code)


Current CompileTask:
C2:   5032 1377       4       java.net.URLClassLoader$1::run (5 bytes)


---------------  P R O C E S S  ---------------

Java Threads: ( => current thread )
  0x000000001b41f800 JavaThread "Cache worker for journal cache (C:\Users\Hp\.gradle\caches\journal-1)" [_thread_blocked, id=10916, stack(0x000000001c900000,0x000000001ca00000)]
  0x000000001b420800 JavaThread "File lock request listener" [_thread_in_native, id=17100, stack(0x000000001c800000,0x000000001c900000)]
  0x000000001b287800 JavaThread "Cache worker for file hash cache (C:\Users\Hp\.gradle\caches\5.1.1\fileHashes)" [_thread_blocked, id=20532, stack(0x000000001c700000,0x000000001c800000)]
  0x0000000018ef2800 JavaThread "Thread-8" [_thread_blocked, id=20832, stack(0x000000001c600000,0x000000001c700000)]
  0x0000000018ef1800 JavaThread "Stdin handler" [_thread_blocked, id=8184, stack(0x000000001c400000,0x000000001c500000)]
  0x0000000018eee800 JavaThread "Asynchronous log dispatcher for DefaultDaemonConnection: socket connection from /127.0.0.1:52821 to /127.0.0.1:52822" [_thread_blocked, id=6092, stack(0x000000001c300000,0x000000001c400000)]
  0x000000001b14f000 JavaThread "Daemon worker" [_thread_in_native, id=12008, stack(0x000000001c200000,0x000000001c300000)]
  0x0000000019d3b000 JavaThread "Cancel handler" [_thread_blocked, id=15764, stack(0x000000001bf00000,0x000000001c000000)]
  0x0000000019fbf800 JavaThread "Handler for socket connection from /127.0.0.1:52821 to /127.0.0.1:52822" [_thread_in_native, id=92, stack(0x000000001be00000,0x000000001bf00000)]
  0x0000000019fbf000 JavaThread "Daemon" [_thread_blocked, id=23928, stack(0x000000001bd00000,0x000000001be00000)]
  0x0000000019e87000 JavaThread "Daemon periodic checks" [_thread_blocked, id=8056, stack(0x000000001bc00000,0x000000001bd00000)]
  0x0000000019e76800 JavaThread "Incoming local TCP Connector on port 52821" [_thread_in_native, id=17892, stack(0x000000001b9c0000,0x000000001bac0000)]
  0x0000000018e88000 JavaThread "Service Thread" daemon [_thread_blocked, id=20460, stack(0x0000000019ab0000,0x0000000019bb0000)]
  0x0000000016ffe000 JavaThread "C1 CompilerThread3" daemon [_thread_in_native, id=11012, stack(0x00000000199b0000,0x0000000019ab0000)]
  0x0000000018df2000 JavaThread "C2 CompilerThread2" daemon [_thread_in_native, id=23000, stack(0x00000000198b0000,0x00000000199b0000)]
  0x0000000018df0000 JavaThread "C2 CompilerThread1" daemon [_thread_blocked, id=17112, stack(0x00000000197b0000,0x00000000198b0000)]
=>0x0000000018dec800 JavaThread "C2 CompilerThread0" daemon [_thread_in_native, id=7864, stack(0x00000000196b0000,0x00000000197b0000)]
  0x0000000018deb000 JavaThread "Attach Listener" daemon [_thread_blocked, id=20580, stack(0x00000000195b0000,0x00000000196b0000)]
  0x0000000018de9800 JavaThread "Signal Dispatcher" daemon [_thread_blocked, id=16752, stack(0x00000000194b0000,0x00000000195b0000)]
  0x000000000322c800 JavaThread "Finalizer" daemon [_thread_blocked, id=17568, stack(0x00000000192c0000,0x00000000193c0000)]
  0x0000000018de0800 JavaThread "Reference Handler" daemon [_thread_blocked, id=23436, stack(0x00000000191c0000,0x00000000192c0000)]
  0x000000000302e000 JavaThread "main" [_thread_blocked, id=18208, stack(0x0000000003030000,0x0000000003130000)]

Other Threads:
  0x0000000016fe8800 VMThread [stack: 0x0000000018cc0000,0x0000000018dc0000] [id=24572]
  0x0000000018e89000 WatcherThread [stack: 0x0000000019bb0000,0x0000000019cb0000] [id=1188]

VM state:not at safepoint (normal execution)

VM Mutex/Monitor currently owned by a thread: None

heap address: 0x00000000a0000000, size: 1536 MB, Compressed Oops mode: 32-bit
Narrow klass base: 0x0000000000000000, Narrow klass shift: 3
Compressed class space size: 1073741824 Address: 0x0000000100000000

Heap:
 PSYoungGen      total 38400K, used 29331K [0x00000000e0000000, 0x00000000e2a80000, 0x0000000100000000)
  eden space 33280K, 72% used [0x00000000e0000000,0x00000000e17acc28,0x00000000e2080000)
  from space 5120K, 99% used [0x00000000e2080000,0x00000000e2578040,0x00000000e2580000)
  to   space 5120K, 0% used [0x00000000e2580000,0x00000000e2580000,0x00000000e2a80000)
 ParOldGen       total 87552K, used 1850K [0x00000000a0000000, 0x00000000a5580000, 0x00000000e0000000)
  object space 87552K, 2% used [0x00000000a0000000,0x00000000a01ce8d0,0x00000000a5580000)
 Metaspace       used 15220K, capacity 15572K, committed 15872K, reserved 1062912K
  class space    used 2154K, capacity 2286K, committed 2304K, reserved 1048576K

Card table byte_map: [0x00000000125f0000,0x0000000012900000] byte_map_base: 0x00000000120f0000

Marking Bits: (ParMarkBitMap*) 0x0000000066da9f30
 Begin Bits: [0x0000000013300000, 0x0000000014b00000)
 End Bits:   [0x0000000014b00000, 0x0000000016300000)

Polling page: 0x0000000002f70000

CodeCache: size=245760Kb used=4939Kb max_used=4953Kb free=240820Kb
 bounds [0x0000000003230000, 0x0000000003710000, 0x0000000012230000]
 total_blobs=1804 nmethods=1419 adapters=298
 compilation: enabled

Compilation events (10 events):
Event: 5.001 Thread 0x0000000018df0000 1417   !   4       java.util.concurrent.ConcurrentHashMap::putVal (362 bytes)
Event: 5.004 Thread 0x0000000016ffe000 1418       3       java.lang.ClassLoader::addClass (9 bytes)
Event: 5.004 Thread 0x0000000016ffe000 nmethod 1418 0x0000000003703650 code [0x00000000037037c0, 0x00000000037039e8]
Event: 5.020 Thread 0x0000000016ffe000 1419       1       com.google.common.io.LineReader::access$000 (5 bytes)
Event: 5.021 Thread 0x0000000016ffe000 nmethod 1419 0x0000000003703390 code [0x00000000037034e0, 0x00000000037035d0]
Event: 5.021 Thread 0x0000000016ffe000 1420       3       java.lang.StringBuilder::append (10 bytes)
Event: 5.021 Thread 0x0000000016ffe000 nmethod 1420 0x0000000003703010 code [0x0000000003703180, 0x0000000003703308]
Event: 5.021 Thread 0x0000000016ffe000 1421       3       sun.net.www.protocol.file.Handler::parseURL (18 bytes)
Event: 5.022 Thread 0x0000000016ffe000 nmethod 1421 0x0000000003702b10 code [0x0000000003702c80, 0x0000000003702ef8]
Event: 5.022 Thread 0x0000000016ffe000 1422       3       java.net.URLStreamHandler::parseURL (1193 bytes)

GC Heap History (6 events):
Event: 1.292 GC heap before
{Heap before GC invocations=1 (full 0):
 PSYoungGen      total 38400K, used 33280K [0x00000000e0000000, 0x00000000e2a80000, 0x0000000100000000)
  eden space 33280K, 100% used [0x00000000e0000000,0x00000000e2080000,0x00000000e2080000)
  from space 5120K, 0% used [0x00000000e2580000,0x00000000e2580000,0x00000000e2a80000)
  to   space 5120K, 0% used [0x00000000e2080000,0x00000000e2080000,0x00000000e2580000)
 ParOldGen       total 87552K, used 0K [0x00000000a0000000, 0x00000000a5580000, 0x00000000e0000000)
  object space 87552K, 0% used [0x00000000a0000000,0x00000000a0000000,0x00000000a5580000)
 Metaspace       used 6631K, capacity 6736K, committed 7040K, reserved 1056768K
  class space    used 806K, capacity 844K, committed 896K, reserved 1048576K
Event: 1.296 GC heap after
Heap after GC invocations=1 (full 0):
 PSYoungGen      total 38400K, used 4224K [0x00000000e0000000, 0x00000000e2a80000, 0x0000000100000000)
  eden space 33280K, 0% used [0x00000000e0000000,0x00000000e0000000,0x00000000e2080000)
  from space 5120K, 82% used [0x00000000e2080000,0x00000000e24a00d8,0x00000000e2580000)
  to   space 5120K, 0% used [0x00000000e2580000,0x00000000e2580000,0x00000000e2a80000)
 ParOldGen       total 87552K, used 8K [0x00000000a0000000, 0x00000000a5580000, 0x00000000e0000000)
  object space 87552K, 0% used [0x00000000a0000000,0x00000000a0002000,0x00000000a5580000)
 Metaspace       used 6631K, capacity 6736K, committed 7040K, reserved 1056768K
  class space    used 806K, capacity 844K, committed 896K, reserved 1048576K
}
Event: 2.214 GC heap before
{Heap before GC invocations=2 (full 0):
 PSYoungGen      total 38400K, used 37504K [0x00000000e0000000, 0x00000000e2a80000, 0x0000000100000000)
  eden space 33280K, 100% used [0x00000000e0000000,0x00000000e2080000,0x00000000e2080000)
  from space 5120K, 82% used [0x00000000e2080000,0x00000000e24a00d8,0x00000000e2580000)
  to   space 5120K, 0% used [0x00000000e2580000,0x00000000e2580000,0x00000000e2a80000)
 ParOldGen       total 87552K, used 8K [0x00000000a0000000, 0x00000000a5580000, 0x00000000e0000000)
  object space 87552K, 0% used [0x00000000a0000000,0x00000000a0002000,0x00000000a5580000)
 Metaspace       used 8957K, capacity 9182K, committed 9344K, reserved 1056768K
  class space    used 1169K, capacity 1293K, committed 1408K, reserved 1048576K
Event: 2.218 GC heap after
Heap after GC invocations=2 (full 0):
 PSYoungGen      total 38400K, used 4572K [0x00000000e0000000, 0x00000000e2a80000, 0x0000000100000000)
  eden space 33280K, 0% used [0x00000000e0000000,0x00000000e0000000,0x00000000e2080000)
  from space 5120K, 89% used [0x00000000e2580000,0x00000000e29f73f8,0x00000000e2a80000)
  to   space 5120K, 0% used [0x00000000e2080000,0x00000000e2080000,0x00000000e2580000)
 ParOldGen       total 87552K, used 16K [0x00000000a0000000, 0x00000000a5580000, 0x00000000e0000000)
  object space 87552K, 0% used [0x00000000a0000000,0x00000000a0004000,0x00000000a5580000)
 Metaspace       used 8957K, capacity 9182K, committed 9344K, reserved 1056768K
  class space    used 1169K, capacity 1293K, committed 1408K, reserved 1048576K
}
Event: 4.277 GC heap before
{Heap before GC invocations=3 (full 0):
 PSYoungGen      total 38400K, used 37852K [0x00000000e0000000, 0x00000000e2a80000, 0x0000000100000000)
  eden space 33280K, 100% used [0x00000000e0000000,0x00000000e2080000,0x00000000e2080000)
  from space 5120K, 89% used [0x00000000e2580000,0x00000000e29f73f8,0x00000000e2a80000)
  to   space 5120K, 0% used [0x00000000e2080000,0x00000000e2080000,0x00000000e2580000)
 ParOldGen       total 87552K, used 16K [0x00000000a0000000, 0x00000000a5580000, 0x00000000e0000000)
  object space 87552K, 0% used [0x00000000a0000000,0x00000000a0004000,0x00000000a5580000)
 Metaspace       used 13409K, capacity 13732K, committed 13824K, reserved 1060864K
  class space    used 1837K, capacity 1988K, committed 2048K, reserved 1048576K
Event: 4.300 GC heap after
Heap after GC invocations=3 (full 0):
 PSYoungGen      total 38400K, used 5088K [0x00000000e0000000, 0x00000000e2a80000, 0x0000000100000000)
  eden space 33280K, 0% used [0x00000000e0000000,0x00000000e0000000,0x00000000e2080000)
  from space 5120K, 99% used [0x00000000e2080000,0x00000000e2578040,0x00000000e2580000)
  to   space 5120K, 0% used [0x00000000e2580000,0x00000000e2580000,0x00000000e2a80000)
 ParOldGen       total 87552K, used 1850K [0x00000000a0000000, 0x00000000a5580000, 0x00000000e0000000)
  object space 87552K, 2% used [0x00000000a0000000,0x00000000a01ce8d0,0x00000000a5580000)
 Metaspace       used 13409K, capacity 13732K, committed 13824K, reserved 1060864K
  class space    used 1837K, capacity 1988K, committed 2048K, reserved 1048576K
}

Deoptimization events (10 events):
Event: 2.534 Thread 0x000000000302e000 Uncommon trap: reason=unstable_if action=reinterpret pc=0x0000000003564044 method=java.io.WinNTFileSystem.normalize(Ljava/lang/String;II)Ljava/lang/String; @ 90
Event: 3.110 Thread 0x0000000019fbf800 Uncommon trap: reason=unstable_if action=reinterpret pc=0x00000000035ef1f0 method=java.util.concurrent.ConcurrentHashMap.putVal(Ljava/lang/Object;Ljava/lang/Object;Z)Ljava/lang/Object; @ 206
Event: 3.165 Thread 0x000000001b14f000 Uncommon trap: reason=bimorphic action=maybe_recompile pc=0x00000000034bfb90 method=java.util.HashMap.putVal(ILjava/lang/Object;Ljava/lang/Object;ZZ)Ljava/lang/Object; @ 253
Event: 3.165 Thread 0x000000001b14f000 Uncommon trap: reason=bimorphic action=maybe_recompile pc=0x00000000034bfb90 method=java.util.HashMap.putVal(ILjava/lang/Object;Ljava/lang/Object;ZZ)Ljava/lang/Object; @ 253
Event: 3.165 Thread 0x000000001b14f000 Uncommon trap: reason=bimorphic action=maybe_recompile pc=0x00000000034bfb90 method=java.util.HashMap.putVal(ILjava/lang/Object;Ljava/lang/Object;ZZ)Ljava/lang/Object; @ 253
Event: 4.134 Thread 0x000000001b14f000 Uncommon trap: reason=class_check action=maybe_recompile pc=0x00000000034fa198 method=java.util.regex.Matcher.match(II)Z @ 86
Event: 4.205 Thread 0x000000001b14f000 Uncommon trap: reason=class_check action=maybe_recompile pc=0x00000000034fa198 method=java.util.regex.Matcher.match(II)Z @ 86
Event: 4.206 Thread 0x000000001b14f000 Uncommon trap: reason=class_check action=maybe_recompile pc=0x00000000034fa198 method=java.util.regex.Matcher.match(II)Z @ 86
Event: 4.207 Thread 0x000000001b14f000 Uncommon trap: reason=class_check action=maybe_recompile pc=0x00000000034bb39c method=java.util.regex.Matcher.match(II)Z @ 86
Event: 4.978 Thread 0x000000001b14f000 Uncommon trap: reason=unstable_if action=reinterpret pc=0x000000000362ccf4 method=java.lang.String.lastIndexOf([CII[CIII)I @ 66

Classes redefined (0 events):
No events

Internal exceptions (10 events):
Event: 2.194 Thread 0x000000000302e000 Exception <a 'java/lang/NoSuchFieldError': method resolution failed> (0x00000000e1f8d8f0) thrown at [D:\src\AOSP-openjdk-cygwin\jdk8u\hotspot\src\share\vm\prims\methodHandles.cpp, line 1167]
Event: 2.195 Thread 0x000000000302e000 Exception <a 'java/lang/NoSuchFieldError': method resolution failed> (0x00000000e1f9b610) thrown at [D:\src\AOSP-openjdk-cygwin\jdk8u\hotspot\src\share\vm\prims\methodHandles.cpp, line 1167]
Event: 3.010 Thread 0x000000000302e000 Exception <a 'java/io/IOException'> (0x00000000e06deb88) thrown at [D:\src\AOSP-openjdk-cygwin\jdk8u\hotspot\src\share\vm\prims\jni.cpp, line 710]
Event: 3.111 Thread 0x0000000019fbf800 Exception <a 'java/lang/NoSuchMethodError': <clinit>> (0x00000000e091eb30) thrown at [D:\src\AOSP-openjdk-cygwin\jdk8u\hotspot\src\share\vm\prims\jni.cpp, line 1614]
Event: 3.112 Thread 0x0000000019fbf800 Exception <a 'java/lang/NoSuchMethodError': <clinit>> (0x00000000e09288e0) thrown at [D:\src\AOSP-openjdk-cygwin\jdk8u\hotspot\src\share\vm\prims\jni.cpp, line 1614]
Event: 3.114 Thread 0x0000000019fbf800 Exception <a 'java/lang/NoSuchMethodError': <clinit>> (0x00000000e093ca50) thrown at [D:\src\AOSP-openjdk-cygwin\jdk8u\hotspot\src\share\vm\prims\jni.cpp, line 1614]
Event: 3.125 Thread 0x0000000019fbf800 Exception <a 'java/lang/NoSuchMethodError': <clinit>> (0x00000000e0997f00) thrown at [D:\src\AOSP-openjdk-cygwin\jdk8u\hotspot\src\share\vm\prims\jni.cpp, line 1614]
Event: 3.131 Thread 0x0000000019fbf800 Exception <a 'java/lang/NoSuchMethodError': <clinit>> (0x00000000e09cfa58) thrown at [D:\src\AOSP-openjdk-cygwin\jdk8u\hotspot\src\share\vm\prims\jni.cpp, line 1614]
Event: 3.136 Thread 0x0000000019fbf800 Exception <a 'java/lang/NoSuchMethodError': <clinit>> (0x00000000e0a05bb8) thrown at [D:\src\AOSP-openjdk-cygwin\jdk8u\hotspot\src\share\vm\prims\jni.cpp, line 1614]
Event: 3.137 Thread 0x0000000019fbf800 Exception <a 'java/lang/NoSuchMethodError': <clinit>> (0x00000000e0a11630) thrown at [D:\src\AOSP-openjdk-cygwin\jdk8u\hotspot\src\share\vm\prims\jni.cpp, line 1614]

Events (10 events):
Event: 5.018 loading class com/google/common/io/LineReader
Event: 5.018 loading class com/google/common/io/LineReader done
Event: 5.019 loading class com/google/common/io/LineBuffer
Event: 5.019 loading class com/google/common/io/LineBuffer done
Event: 5.019 loading class com/google/common/io/LineReader$1
Event: 5.019 loading class com/google/common/io/LineReader$1 done
Event: 5.021 loading class org/gradle/configuration/DefaultImportsReader$2
Event: 5.021 loading class org/gradle/configuration/DefaultImportsReader$2 done
Event: 5.022 loading class org/apache/commons/lang/StringUtils
Event: 5.022 loading class org/apache/commons/lang/StringUtils done


Dynamic libraries:
0x00007ff7ca770000 - 0x00007ff7ca7a1000 	C:\Program Files\Android\Android Studio\jre\bin\java.exe
0x00007ff9e0100000 - 0x00007ff9e02e1000 	C:\WINDOWS\SYSTEM32\ntdll.dll
0x00007ff9dd590000 - 0x00007ff9dd641000 	C:\WINDOWS\System32\KERNEL32.DLL
0x00007ff9dd1f0000 - 0x00007ff9dd463000 	C:\WINDOWS\System32\KERNELBASE.dll
0x00007ff9df910000 - 0x00007ff9df9b1000 	C:\WINDOWS\System32\ADVAPI32.dll
0x00007ff9dd830000 - 0x00007ff9dd8ce000 	C:\WINDOWS\System32\msvcrt.dll
0x00007ff9dfa90000 - 0x00007ff9dfaeb000 	C:\WINDOWS\System32\sechost.dll
0x00007ff9df1e0000 - 0x00007ff9df304000 	C:\WINDOWS\System32\RPCRT4.dll
0x00007ff9dfb20000 - 0x00007ff9dfcb0000 	C:\WINDOWS\System32\USER32.dll
0x00007ff9dd470000 - 0x00007ff9dd490000 	C:\WINDOWS\System32\win32u.dll
0x00007ff9dfaf0000 - 0x00007ff9dfb18000 	C:\WINDOWS\System32\GDI32.dll
0x00007ff9dcef0000 - 0x00007ff9dd081000 	C:\WINDOWS\System32\gdi32full.dll
0x00007ff9dc740000 - 0x00007ff9dc7df000 	C:\WINDOWS\System32\msvcp_win.dll
0x00007ff9dd0f0000 - 0x00007ff9dd1e8000 	C:\WINDOWS\System32\ucrtbase.dll
0x00007ff9ce720000 - 0x00007ff9ce989000 	C:\WINDOWS\WinSxS\amd64_microsoft.windows.common-controls_6595b64144ccf1df_6.0.17134.950_none_fb3da4273069d3e0\COMCTL32.dll
0x00007ff9dfd90000 - 0x00007ff9e00b2000 	C:\WINDOWS\System32\combase.dll
0x00007ff9dc6c0000 - 0x00007ff9dc739000 	C:\WINDOWS\System32\bcryptPrimitives.dll
0x00007ff9dd7f0000 - 0x00007ff9dd81d000 	C:\WINDOWS\System32\IMM32.DLL
0x0000000066500000 - 0x00000000665d2000 	C:\Program Files\Android\Android Studio\jre\jre\bin\msvcr100.dll
0x00000000665e0000 - 0x0000000066e26000 	C:\Program Files\Android\Android Studio\jre\jre\bin\server\jvm.dll
0x00007ff9df610000 - 0x00007ff9df618000 	C:\WINDOWS\System32\PSAPI.DLL
0x00007ff9da370000 - 0x00007ff9da393000 	C:\WINDOWS\SYSTEM32\WINMM.dll
0x00007ff9cc5b0000 - 0x00007ff9cc5b9000 	C:\WINDOWS\SYSTEM32\WSOCK32.dll
0x00007ff9d74f0000 - 0x00007ff9d74fa000 	C:\WINDOWS\SYSTEM32\VERSION.dll
0x00007ff9df5a0000 - 0x00007ff9df60c000 	C:\WINDOWS\System32\WS2_32.dll
0x00007ff9d8fb0000 - 0x00007ff9d8fda000 	C:\WINDOWS\SYSTEM32\winmmbase.dll
0x00007ff9dd540000 - 0x00007ff9dd589000 	C:\WINDOWS\System32\cfgmgr32.dll
0x00007ff9ce450000 - 0x00007ff9ce45f000 	C:\Program Files\Android\Android Studio\jre\jre\bin\verify.dll
0x00007ff9a74a0000 - 0x00007ff9a74c9000 	C:\Program Files\Android\Android Studio\jre\jre\bin\java.dll
0x00007ff9b7f30000 - 0x00007ff9b7f46000 	C:\Program Files\Android\Android Studio\jre\jre\bin\zip.dll
0x00007ff9dd8d0000 - 0x00007ff9ded10000 	C:\WINDOWS\System32\SHELL32.dll
0x00007ff9df310000 - 0x00007ff9df3b9000 	C:\WINDOWS\System32\shcore.dll
0x00007ff9dc7e0000 - 0x00007ff9dceed000 	C:\WINDOWS\System32\windows.storage.dll
0x00007ff9ded30000 - 0x00007ff9ded81000 	C:\WINDOWS\System32\shlwapi.dll
0x00007ff9dc410000 - 0x00007ff9dc421000 	C:\WINDOWS\System32\kernel.appcore.dll
0x00007ff9dc4a0000 - 0x00007ff9dc4bf000 	C:\WINDOWS\System32\profapi.dll
0x00007ff9dc450000 - 0x00007ff9dc49c000 	C:\WINDOWS\System32\powrprof.dll
0x00007ff9dc4c0000 - 0x00007ff9dc4ca000 	C:\WINDOWS\System32\FLTLIB.DLL
0x00007ff9b79c0000 - 0x00007ff9b79da000 	C:\Program Files\Android\Android Studio\jre\jre\bin\net.dll
0x00007ff9dbc90000 - 0x00007ff9dbcf6000 	C:\WINDOWS\system32\mswsock.dll
0x00007ff9b7190000 - 0x00007ff9b71a1000 	C:\Program Files\Android\Android Studio\jre\jre\bin\nio.dll
0x00007ff9b8310000 - 0x00007ff9b832e000 	C:\Users\Hp\.gradle\native\25\windows-amd64\native-platform.dll
0x00007ff9c63e0000 - 0x00007ff9c63ed000 	C:\Program Files\Android\Android Studio\jre\jre\bin\management.dll
0x00007ff9dbe40000 - 0x00007ff9dbe57000 	C:\WINDOWS\SYSTEM32\CRYPTSP.dll
0x00007ff9db840000 - 0x00007ff9db873000 	C:\WINDOWS\system32\rsaenh.dll
0x00007ff9dbf70000 - 0x00007ff9dbf95000 	C:\WINDOWS\SYSTEM32\bcrypt.dll
0x00007ff9dc310000 - 0x00007ff9dc338000 	C:\WINDOWS\SYSTEM32\USERENV.dll
0x00007ff9dbe60000 - 0x00007ff9dbe6b000 	C:\WINDOWS\SYSTEM32\CRYPTBASE.dll
0x00007ff9db9e0000 - 0x00007ff9dba18000 	C:\WINDOWS\SYSTEM32\IPHLPAPI.DLL
0x00007ff9e00c0000 - 0x00007ff9e00c8000 	C:\WINDOWS\System32\NSI.dll
0x00007ff9ceef0000 - 0x00007ff9cef06000 	C:\WINDOWS\SYSTEM32\dhcpcsvc6.DLL
0x00007ff9cfe90000 - 0x00007ff9cfeaa000 	C:\WINDOWS\SYSTEM32\dhcpcsvc.DLL

VM Arguments:
jvm_args: -Xmx1536m -Dfile.encoding=windows-1252 -Duser.country=US -Duser.language=en -Duser.variant 
java_command: org.gradle.launcher.daemon.bootstrap.GradleDaemon 5.1.1
java_class_path (initial): C:\Users\Hp\.gradle\wrapper\dists\gradle-5.1.1-bin\90y9l8txxfw1s2o6ctiqeruwn\gradle-5.1.1\lib\gradle-launcher-5.1.1.jar
Launcher Type: SUN_STANDARD

Environment Variables:
JAVA_HOME=C:\Program Files\Java\jdk-11.0.2
PATH=C:\WinAVR-20100110\bin;C:\WinAVR-20100110\utils\bin;"C:\ProgramData\Oracle\Java\javapath;C:\Program Files\Java\jdk-9.0.1\bin";C:\Program Files (x86)\Intel\Intel(R) Management Engine Components\iCLS\;C:\Program Files\Intel\Intel(R) Management Engine Components\iCLS\;C:\windows\system32;C:\windows;C:\windows\System32\Wbem;C:\windows\System32\WindowsPowerShell\v1.0\;C:\Program Files (x86)\Intel\Intel(R) Management Engine Components\DAL;C:\Program Files\Intel\Intel(R) Management Engine Components\DAL;C:\Program Files (x86)\Intel\Intel(R) Management Engine Components\IPT;C:\Program Files\Intel\Intel(R) Management Engine Components\IPT;C:\Program Files (x86)\NVIDIA Corporation\PhysX\Common;C:\Program Files\Git\cmd;C:\WINDOWS\system32;C:\WINDOWS;C:\WINDOWS\System32\Wbem;C:\WINDOWS\System32\WindowsPowerShell\v1.0\;C:\WINDOWS\System32\OpenSSH\;C:\Program Files\Java\jdk-11.0.2\bin;C:\Python27;C:\Program Files\nodejs\;C:\Program Files (x86)\CodeBlocks\MinGW\bin;"C:\Users\Hp\AppData\Local\Microsoft\WindowsApps;C:\Users\Hp\AppData\Local\Android\Sdk\platform-tools";C:\Users\Hp\AppData\Local\atom\bin;C:\Users\Hp\AppData\Local\Microsoft\WindowsApps;C:\Users\Hp\AppData\Roaming\npm;C:\WinAVR-20100110\avr\bin;C:\WinAVR-20100110\bin;;C:\Users\Hp\AppData\Local\Programs\Microsoft VS Code\bin
USERNAME=Hp
OS=Windows_NT
PROCESSOR_IDENTIFIER=Intel64 Family 6 Model 142 Stepping 10, GenuineIntel



---------------  S Y S T E M  ---------------

OS: Windows 10.0 , 64 bit Build 17134 (10.0.17134.753)

CPU:total 8 (initial active 8) (4 cores per cpu, 2 threads per core) family 6 model 142 stepping 10, cmov, cx8, fxsr, mmx, sse, sse2, sse3, ssse3, sse4.1, sse4.2, popcnt, avx, avx2, aes, clmul, erms, 3dnowpref, lzcnt, ht, tsc, tscinvbit, bmi1, bmi2, adx

Memory: 4k page, physical 8301668k(923364k free), swap 8301668k(7004k free)

vm_info: OpenJDK 64-Bit Server VM (25.202-b03) for windows-amd64 JRE (1.8.0_202-release-1483-b03), built by "builder" with MS VC++ 10.0 (VS2010)

time: Wed Sep 11 15:22:58 2019
timezone: Sri Lanka Standard Time
elapsed time: 5 seconds (0d 0h 0m 5s)

